[    0.000000] Linux version 4.15.0-212-generic (buildd@lcy02-amd64-083) (gcc version 7.5.0 (Ubuntu 7.5.0-3ubuntu1~18.04)) #223-Ubuntu SMP Tue May 23 13:09:22 UTC 2023 (Ubuntu 4.15.0-212.223-generic 4.15.18)
[    0.000000] Command line: BOOT_IMAGE=/boot/vmlinuz-4.15.0-212-generic root=LABEL=cloudimg-rootfs ro console=tty1 console=ttyS0
[    0.000000] KERNEL supported cpus:
[    0.000000]   Intel GenuineIntel
[    0.000000]   AMD AuthenticAMD
[    0.000000]   Centaur CentaurHauls
[    0.000000] x86/fpu: Supporting XSAVE feature 0x001: 'x87 floating point registers'
[    0.000000] x86/fpu: Supporting XSAVE feature 0x002: 'SSE registers'
[    0.000000] x86/fpu: Supporting XSAVE feature 0x004: 'AVX registers'
[    0.000000] x86/fpu: xstate_offset[2]:  576, xstate_sizes[2]:  256
[    0.000000] x86/fpu: Enabled xstate features 0x7, context size is 832 bytes, using 'standard' format.
[    0.000000] e820: BIOS-provided physical RAM map:
[    0.000000] BIOS-e820: [mem 0x0000000000000000-0x000000000009fbff] usable
[    0.000000] BIOS-e820: [mem 0x000000000009fc00-0x000000000009ffff] reserved
[    0.000000] BIOS-e820: [mem 0x00000000000f0000-0x00000000000fffff] reserved
[    0.000000] BIOS-e820: [mem 0x0000000000100000-0x000000003ffeffff] usable
[    0.000000] BIOS-e820: [mem 0x000000003fff0000-0x000000003fffffff] ACPI data
[    0.000000] BIOS-e820: [mem 0x00000000fec00000-0x00000000fec00fff] reserved
[    0.000000] BIOS-e820: [mem 0x00000000fee00000-0x00000000fee00fff] reserved
[    0.000000] BIOS-e820: [mem 0x00000000fffc0000-0x00000000ffffffff] reserved
[    0.000000] NX (Execute Disable) protection: active
[    0.000000] SMBIOS 2.5 present.
[    0.000000] DMI: innotek GmbH VirtualBox/VirtualBox, BIOS VirtualBox 12/01/2006
[    0.000000] Hypervisor detected: KVM
[    0.000000] e820: last_pfn = 0x3fff0 max_arch_pfn = 0x400000000
[    0.000000] MTRR: Disabled
[    0.000000] x86/PAT: MTRRs disabled, skipping PAT initialization too.
[    0.000000] CPU MTRRs all blank - virtualized system.
[    0.000000] x86/PAT: Configuration [0-7]: WB  WT  UC- UC  WB  WT  UC- UC  
[    0.000000] found SMP MP-table at [mem 0x0009fff0-0x0009ffff]
[    0.000000] Scanning 1 areas for low memory corruption
[    0.000000] RAMDISK: [mem 0x359cb000-0x36cdcfff]
[    0.000000] ACPI: Early table checksum verification disabled
[    0.000000] ACPI: RSDP 0x00000000000E0000 000024 (v02 VBOX  )
[    0.000000] ACPI: XSDT 0x000000003FFF0030 00003C (v01 VBOX   VBOXXSDT 00000001 ASL  00000061)
[    0.000000] ACPI: FACP 0x000000003FFF00F0 0000F4 (v04 VBOX   VBOXFACP 00000001 ASL  00000061)
[    0.000000] ACPI: DSDT 0x000000003FFF0610 002353 (v02 VBOX   VBOXBIOS 00000002 INTL 20210930)
[    0.000000] ACPI: FACS 0x000000003FFF0200 000040
[    0.000000] ACPI: FACS 0x000000003FFF0200 000040
[    0.000000] ACPI: APIC 0x000000003FFF0240 00005C (v02 VBOX   VBOXAPIC 00000001 ASL  00000061)
[    0.000000] ACPI: SSDT 0x000000003FFF02A0 00036C (v01 VBOX   VBOXCPUT 00000002 INTL 20210930)
[    0.000000] ACPI: Reserving FACP table memory at [mem 0x3fff00f0-0x3fff01e3]
[    0.000000] ACPI: Reserving DSDT table memory at [mem 0x3fff0610-0x3fff2962]
[    0.000000] ACPI: Reserving FACS table memory at [mem 0x3fff0200-0x3fff023f]
[    0.000000] ACPI: Reserving FACS table memory at [mem 0x3fff0200-0x3fff023f]
[    0.000000] ACPI: Reserving APIC table memory at [mem 0x3fff0240-0x3fff029b]
[    0.000000] ACPI: Reserving SSDT table memory at [mem 0x3fff02a0-0x3fff060b]
[    0.000000] No NUMA configuration found
[    0.000000] Faking a node at [mem 0x0000000000000000-0x000000003ffeffff]
[    0.000000] NODE_DATA(0) allocated [mem 0x3ffc5000-0x3ffeffff]
[    0.000000] kvm-clock: cpu 0, msr 0:3ff44001, primary cpu clock
[    0.000000] kvm-clock: Using msrs 4b564d01 and 4b564d00
[    0.000000] kvm-clock: using sched offset of 6875197904 cycles
[    0.000000] clocksource: kvm-clock: mask: 0xffffffffffffffff max_cycles: 0x1cd42e4dffb, max_idle_ns: 881590591483 ns
[    0.000000] Zone ranges:
[    0.000000]   DMA      [mem 0x0000000000001000-0x0000000000ffffff]
[    0.000000]   DMA32    [mem 0x0000000001000000-0x000000003ffeffff]
[    0.000000]   Normal   empty
[    0.000000]   Device   empty
[    0.000000] Movable zone start for each node
[    0.000000] Early memory node ranges
[    0.000000]   node   0: [mem 0x0000000000001000-0x000000000009efff]
[    0.000000]   node   0: [mem 0x0000000000100000-0x000000003ffeffff]
[    0.000000] Reserved but unavailable: 104 pages
[    0.000000] Initmem setup node 0 [mem 0x0000000000001000-0x000000003ffeffff]
[    0.000000] ACPI: PM-Timer IO Port: 0x4008
[    0.000000] IOAPIC[0]: apic_id 2, version 32, address 0xfec00000, GSI 0-23
[    0.000000] ACPI: INT_SRC_OVR (bus 0 bus_irq 0 global_irq 2 dfl dfl)
[    0.000000] ACPI: INT_SRC_OVR (bus 0 bus_irq 9 global_irq 9 low level)
[    0.000000] Using ACPI (MADT) for SMP configuration information
[    0.000000] smpboot: Allowing 2 CPUs, 0 hotplug CPUs
[    0.000000] PM: Registered nosave memory: [mem 0x00000000-0x00000fff]
[    0.000000] PM: Registered nosave memory: [mem 0x0009f000-0x0009ffff]
[    0.000000] PM: Registered nosave memory: [mem 0x000a0000-0x000effff]
[    0.000000] PM: Registered nosave memory: [mem 0x000f0000-0x000fffff]
[    0.000000] e820: [mem 0x40000000-0xfebfffff] available for PCI devices
[    0.000000] Booting paravirtualized kernel on KVM
[    0.000000] clocksource: refined-jiffies: mask: 0xffffffff max_cycles: 0xffffffff, max_idle_ns: 7645519600211568 ns
[    0.000000] setup_percpu: NR_CPUS:8192 nr_cpumask_bits:2 nr_cpu_ids:2 nr_node_ids:1
[    0.000000] percpu: Embedded 50 pages/cpu s167936 r8192 d28672 u1048576
[    0.000000] PV qspinlock hash table entries: 256 (order: 0, 4096 bytes)
[    0.000000] Built 1 zonelists, mobility grouping on.  Total pages: 257913
[    0.000000] Policy zone: DMA32
[    0.000000] Kernel command line: BOOT_IMAGE=/boot/vmlinuz-4.15.0-212-generic root=LABEL=cloudimg-rootfs ro console=tty1 console=ttyS0
[    0.000000] Memory: 982644K/1048120K available (12300K kernel code, 2477K rwdata, 4324K rodata, 2480K init, 2720K bss, 65476K reserved, 0K cma-reserved)
[    0.000000] SLUB: HWalign=64, Order=0-3, MinObjects=0, CPUs=2, Nodes=1
[    0.000000] Kernel/User page tables isolation: enabled
[    0.000000] ftrace: allocating 39508 entries in 155 pages
[    0.004000] Hierarchical RCU implementation.
[    0.004000] 	RCU restricting CPUs from NR_CPUS=8192 to nr_cpu_ids=2.
[    0.004000] 	Tasks RCU enabled.
[    0.004000] RCU: Adjusting geometry for rcu_fanout_leaf=16, nr_cpu_ids=2
[    0.004000] NR_IRQS: 524544, nr_irqs: 440, preallocated irqs: 16
[    0.004000] random: crng init done
[    0.004000] Console: colour VGA+ 80x25
[    0.004000] console [tty1] enabled
[    0.004000] console [ttyS0] enabled
[    0.004000] ACPI: Core revision 20170831
[    0.004000] ACPI: 2 ACPI AML tables successfully acquired and loaded
[    0.004000] APIC: Switch to symmetric I/O mode setup
[    0.017162] x2apic enabled
[    0.020176] Switched APIC routing to physical x2apic.
[    0.028000] ..TIMER: vector=0x30 apic1=0 pin1=2 apic2=-1 pin2=-1
[    0.028584] tsc: Detected 1112.939 MHz processor
[    0.032022] Calibrating delay loop (skipped) preset value.. 2225.87 BogoMIPS (lpj=4451756)
[    0.036015] pid_max: default: 32768 minimum: 301
[    0.040066] Security Framework initialized
[    0.044012] Yama: becoming mindful.
[    0.048105] AppArmor: AppArmor initialized
[    0.052278] Dentry cache hash table entries: 131072 (order: 8, 1048576 bytes)
[    0.056110] Inode-cache hash table entries: 65536 (order: 7, 524288 bytes)
[    0.060446] Mount-cache hash table entries: 2048 (order: 2, 16384 bytes)
[    0.064030] Mountpoint-cache hash table entries: 2048 (order: 2, 16384 bytes)
[    0.072641] Last level iTLB entries: 4KB 0, 2MB 0, 4MB 0
[    0.076015] Last level dTLB entries: 4KB 0, 2MB 0, 4MB 0, 1GB 0
[    0.080040] Spectre V1 : Mitigation: usercopy/swapgs barriers and __user pointer sanitization
[    0.084011] Spectre V2 : Mitigation: Retpolines
[    0.088011] Spectre V2 : Spectre v2 / SpectreRSB mitigation: Filling RSB on context switch
[    0.092010] Spectre V2 : Spectre v2 / SpectreRSB : Filling RSB on VMEXIT
[    0.096010] RETBleed: WARNING: Spectre v2 mitigation leaves CPU vulnerable to RETBleed attacks, data leaks possible!
[    0.100011] RETBleed: Vulnerable
[    0.104011] Speculative Store Bypass: Vulnerable
[    0.108250] MDS: Mitigation: Clear CPU buffers
[    0.112010] MMIO Stale Data: Mitigation: Clear CPU buffers
[    0.116451] SRBDS: Unknown: Dependent on hypervisor status
[    0.120307] Freeing SMP alternatives memory: 36K
[    0.247195] smpboot: CPU0: Intel(R) Core(TM) i3-1000NG4 CPU @ 1.10GHz (family: 0x6, model: 0x7e, stepping: 0x5)
[    0.248263] Performance Events: unsupported p6 CPU model 126 no PMU driver, software events only.
[    0.252174] Hierarchical SRCU implementation.
[    0.257126] NMI watchdog: Perf event create on CPU 0 failed with -2
[    0.260010] NMI watchdog: Perf NMI watchdog permanently disabled
[    0.264111] smp: Bringing up secondary CPUs ...
[    0.268163] x86: Booting SMP configuration:
[    0.272009] .... node  #0, CPUs:      #1
[    0.004000] kvm-clock: cpu 1, msr 0:3ff44041, secondary cpu clock
[    0.284122] smp: Brought up 1 node, 2 CPUs
[    0.288020] smpboot: Max logical packages: 1
[    0.292022] smpboot: Total of 2 processors activated (4451.75 BogoMIPS)
[    0.296353] devtmpfs: initialized
[    0.304130] x86/mm: Memory block size: 128MB
[    0.308349] evm: security.selinux
[    0.312009] evm: security.SMACK64
[    0.316009] evm: security.SMACK64EXEC
[    0.320011] evm: security.SMACK64TRANSMUTE
[    0.324021] evm: security.SMACK64MMAP
[    0.328007] evm: security.apparmor
[    0.332011] evm: security.ima
[    0.336010] evm: security.capability
[    0.340310] clocksource: jiffies: mask: 0xffffffff max_cycles: 0xffffffff, max_idle_ns: 7645041785100000 ns
[    0.344208] futex hash table entries: 512 (order: 3, 32768 bytes)
[    0.348100] pinctrl core: initialized pinctrl subsystem
[    0.352818] RTC time: 20:30:23, date: 04/02/24
[    0.356904] NET: Registered protocol family 16
[    0.360164] audit: initializing netlink subsys (disabled)
[    0.364143] audit: type=2000 audit(1712089830.175:1): state=initialized audit_enabled=0 res=1
[    0.368030] cpuidle: using governor ladder
[    0.372096] cpuidle: using governor menu
[    0.376118] ACPI: bus type PCI registered
[    0.380013] acpiphp: ACPI Hot Plug PCI Controller Driver version: 0.5
[    0.384859] PCI: Using configuration type 1 for base access
[    0.396073] HugeTLB registered 2.00 MiB page size, pre-allocated 0 pages
[    0.404443] ACPI: Added _OSI(Module Device)
[    0.412019] ACPI: Added _OSI(Processor Device)
[    0.416013] ACPI: Added _OSI(3.0 _SCP Extensions)
[    0.420012] ACPI: Added _OSI(Processor Aggregator Device)
[    0.424075] ACPI: Added _OSI(Linux-Dell-Video)
[    0.428013] ACPI: Added _OSI(Linux-Lenovo-NV-HDMI-Audio)
[    0.432014] ACPI: Added _OSI(Linux-HPI-Hybrid-Graphics)
[    0.440928] ACPI: Executed 1 blocks of module-level executable AML code
[    0.482333] ACPI: Interpreter enabled
[    0.484060] ACPI: (supports S0 S5)
[    0.488014] ACPI: Using IOAPIC for interrupt routing
[    0.493237] PCI: Using host bridge windows from ACPI; if necessary, use "pci=nocrs" and report a bug
[    0.496740] ACPI: Enabled 2 GPEs in block 00 to 07
[    0.526404] ACPI: PCI Root Bridge [PCI0] (domain 0000 [bus 00-ff])
[    0.532040] acpi PNP0A03:00: _OSC: OS supports [ASPM ClockPM Segments MSI]
[    0.537752] acpi PNP0A03:00: _OSC: not requesting OS control; OS requires [ExtendedConfig ASPM ClockPM MSI]
[    0.540048] acpi PNP0A03:00: fail to add MMCONFIG information, can't access extended PCI configuration space under this bridge.
[    0.549752] PCI host bridge to bus 0000:00
[    0.552019] pci_bus 0000:00: root bus resource [io  0x0000-0x0cf7 window]
[    0.556017] pci_bus 0000:00: root bus resource [io  0x0d00-0xffff window]
[    0.560017] pci_bus 0000:00: root bus resource [mem 0x000a0000-0x000bffff window]
[    0.564023] pci_bus 0000:00: root bus resource [mem 0x40000000-0xfdffffff window]
[    0.568017] pci_bus 0000:00: root bus resource [bus 00-ff]
[    0.586224] pci 0000:00:01.1: legacy IDE quirk: reg 0x10: [io  0x01f0-0x01f7]
[    0.588015] pci 0000:00:01.1: legacy IDE quirk: reg 0x14: [io  0x03f6]
[    0.592019] pci 0000:00:01.1: legacy IDE quirk: reg 0x18: [io  0x0170-0x0177]
[    0.596021] pci 0000:00:01.1: legacy IDE quirk: reg 0x1c: [io  0x0376]
[    0.695354] pci 0000:00:07.0: quirk: [io  0x4000-0x403f] claimed by PIIX4 ACPI
[    0.696061] pci 0000:00:07.0: quirk: [io  0x4100-0x410f] claimed by PIIX4 SMB
[    0.741846] ACPI: PCI Interrupt Link [LNKA] (IRQs 5 9 10 *11)
[    0.745012] ACPI: PCI Interrupt Link [LNKB] (IRQs 5 9 *10 11)
[    0.748402] ACPI: PCI Interrupt Link [LNKC] (IRQs 5 *9 10 11)
[    0.752686] ACPI: PCI Interrupt Link [LNKD] (IRQs 5 9 10 *11)
[    0.756970] SCSI subsystem initialized
[    0.760197] pci 0000:00:02.0: vgaarb: setting as boot VGA device
[    0.764000] pci 0000:00:02.0: vgaarb: VGA device added: decodes=io+mem,owns=io+mem,locks=none
[    0.764018] pci 0000:00:02.0: vgaarb: bridge control possible
[    0.772011] vgaarb: loaded
[    0.776000] ACPI: bus type USB registered
[    0.776064] usbcore: registered new interface driver usbfs
[    0.780072] usbcore: registered new interface driver hub
[    0.784044] usbcore: registered new device driver usb
[    0.788224] EDAC MC: Ver: 3.0.0
[    0.796289] PCI: Using ACPI for IRQ routing
[    0.808672] NetLabel: Initializing
[    0.812011] NetLabel:  domain hash size = 128
[    0.816014] NetLabel:  protocols = UNLABELED CIPSOv4 CALIPSO
[    0.820052] NetLabel:  unlabeled traffic allowed by default
[    0.824456] clocksource: Switched to clocksource kvm-clock
[    0.949150] VFS: Disk quotas dquot_6.6.0
[    0.976836] VFS: Dquot-cache hash table entries: 512 (order 0, 4096 bytes)
[    1.017367] AppArmor: AppArmor Filesystem Enabled
[    1.035886] pnp: PnP ACPI init
[    1.069194] pnp: PnP ACPI: found 3 devices
[    1.117947] clocksource: acpi_pm: mask: 0xffffff max_cycles: 0xffffff, max_idle_ns: 2085701024 ns
[    1.186099] NET: Registered protocol family 2
[    1.198798] IP idents hash table entries: 16384 (order: 5, 131072 bytes)
[    1.221956] TCP established hash table entries: 8192 (order: 4, 65536 bytes)
[    1.240072] TCP bind hash table entries: 8192 (order: 5, 131072 bytes)
[    1.259191] TCP: Hash tables configured (established 8192 bind 8192)
[    1.282868] UDP hash table entries: 512 (order: 2, 16384 bytes)
[    1.318658] UDP-Lite hash table entries: 512 (order: 2, 16384 bytes)
[    1.349338] NET: Registered protocol family 1
[    1.358487] pci 0000:00:00.0: Limiting direct PCI/PCI transfers
[    1.376054] pci 0000:00:01.0: Activating ISA DMA hang workarounds
[    1.384925] pci 0000:00:02.0: Video device with shadowed ROM at [mem 0x000c0000-0x000dffff]
[    1.407812] Unpacking initramfs...
[    2.210305] Freeing initrd memory: 19528K
[    2.219223] clocksource: tsc: mask: 0xffffffffffffffff max_cycles: 0x100ad864f49, max_idle_ns: 440795228765 ns
[    2.230037] platform rtc_cmos: registered platform RTC device (no PNP device found)
[    2.238136] Scanning for low memory corruption every 60 seconds
[    2.246492] Initialise system trusted keyrings
[    2.249551] Key type blacklist registered
[    2.262063] workingset: timestamp_bits=36 max_order=18 bucket_order=0
[    2.272389] zbud: loaded
[    2.278108] squashfs: version 4.0 (2009/01/31) Phillip Lougher
[    2.285088] fuse init (API version 7.26)
[    2.305939] Key type asymmetric registered
[    2.309925] Asymmetric key parser 'x509' registered
[    2.319151] Block layer SCSI generic (bsg) driver version 0.4 loaded (major 246)
[    2.327652] io scheduler noop registered
[    2.332914] io scheduler deadline registered
[    2.339217] io scheduler cfq registered (default)
[    2.347476] ACPI: AC Adapter [AC] (on-line)
[    2.356410] input: Power Button as /devices/LNXSYSTM:00/LNXPWRBN:00/input/input0
[    2.369632] ACPI: Power Button [PWRF]
[    2.375168] input: Sleep Button as /devices/LNXSYSTM:00/LNXSLPBN:00/input/input1
[    2.390615] ACPI: Sleep Button [SLPF]
[    2.400871] Serial: 8250/16550 driver, 32 ports, IRQ sharing enabled
[    2.404435] ACPI: Battery Slot [BAT0] (battery present)
[    2.455319] 00:02: ttyS0 at I/O 0x3f8 (irq = 4, base_baud = 115200) is a 16550A
[    2.471918] Linux agpgart interface v0.103
[    2.487964] loop: module loaded
[    2.500235] scsi host0: ata_piix
[    2.508943] scsi host1: ata_piix
[    2.512906] ata1: PATA max UDMA/33 cmd 0x1f0 ctl 0x3f6 bmdma 0xd000 irq 14
[    2.529839] ata2: PATA max UDMA/33 cmd 0x170 ctl 0x376 bmdma 0xd008 irq 15
[    2.557296] tun: Universal TUN/TAP device driver, 1.6
[    2.565313] PPP generic driver version 2.4.2
[    2.571088] ehci_hcd: USB 2.0 'Enhanced' Host Controller (EHCI) Driver
[    2.579884] ehci-pci: EHCI PCI platform driver
[    2.585873] ehci-platform: EHCI generic platform driver
[    2.595123] ohci_hcd: USB 1.1 'Open' Host Controller (OHCI) Driver
[    2.607629] ohci-pci: OHCI PCI platform driver
[    2.616180] ohci-platform: OHCI generic platform driver
[    2.624661] uhci_hcd: USB Universal Host Controller Interface driver
[    2.638683] i8042: PNP: PS/2 Controller [PNP0303:PS2K,PNP0f03:PS2M] at 0x60,0x64 irq 1,12
[    2.662397] serio: i8042 KBD port at 0x60,0x64 irq 1
[    2.675458] serio: i8042 AUX port at 0x60,0x64 irq 12
[    2.695772] mousedev: PS/2 mouse device common for all mice
[    2.716097] input: AT Translated Set 2 keyboard as /devices/platform/i8042/serio0/input/input2
[    2.769083] rtc_cmos rtc_cmos: rtc core: registered rtc_cmos as rtc0
[    2.788415] rtc_cmos rtc_cmos: alarms up to one day, 114 bytes nvram
[    2.807754] i2c /dev entries driver
[    2.822643] device-mapper: uevent: version 1.0.3
[    2.834467] device-mapper: ioctl: 4.37.0-ioctl (2017-09-20) initialised: dm-devel@redhat.com
[    2.877463] ledtrig-cpu: registered to indicate activity on CPUs
[    2.898694] NET: Registered protocol family 10
[    2.941908] Segment Routing with IPv6
[    2.947698] NET: Registered protocol family 17
[    2.962770] Key type dns_resolver registered
[    2.973795] mce: Using 0 MCE banks
[    2.981034] RAS: Correctable Errors collector initialized.
[    2.990336] sched_clock: Marking stable (2990232539, 0)->(6598986635, -3608754096)
[    3.004806] registered taskstats version 1
[    3.010755] Loading compiled-in X.509 certificates
[    3.026423] Loaded X.509 cert 'Build time autogenerated kernel key: b5b26778eaa3ab3a4a6cee031137706e947d12ad'
[    3.067249] Loaded X.509 cert 'Canonical Ltd. Live Patch Signing: 14df34d1a87cf37625abec039ef2bf521249b969'
[    3.097106] Loaded X.509 cert 'Canonical Ltd. Kernel Module Signing: 88f752e560a1e0737e31163a466ad7b70a850c19'
[    3.145475] blacklist: Loading compiled-in revocation X.509 certificates
[    3.176194] Loaded X.509 cert 'Canonical Ltd. Secure Boot Signing: 61482aa2830d0ab2ad5af10b7250da9033ddcef0'
[    3.208464] Loaded X.509 cert 'Canonical Ltd. Secure Boot Signing (2017): 242ade75ac4a15e50d50c84b0d45ff3eae707a03'
[    3.223565] Loaded X.509 cert 'Canonical Ltd. Secure Boot Signing (ESM 2018): 365188c1d374d6b07c3c8f240f8ef722433d6a8b'
[    3.236899] Loaded X.509 cert 'Canonical Ltd. Secure Boot Signing (2019): c0746fd6c5da3ae827864651ad66ae47fe24b3e8'
[    3.264183] Loaded X.509 cert 'Canonical Ltd. Secure Boot Signing (2021 v1): a8d54bbb3825cfb94fa13c9f8a594a195c107b8d'
[    3.282398] Loaded X.509 cert 'Canonical Ltd. Secure Boot Signing (2021 v2): 4cf046892d6fd3c9a5b03f98d845f90851dc6a8c'
[    3.296192] Loaded X.509 cert 'Canonical Ltd. Secure Boot Signing (2021 v3): 100437bb6de6e469b581e61cd66bce3ef4ed53af'
[    3.311510] Loaded X.509 cert 'Canonical Ltd. Secure Boot Signing (Ubuntu Core 2019): c1d57b8f6b743f23ee41f4f7ee292f06eecadfb9'
[    3.324224] zswap: loaded using pool lzo/zbud
[    3.338407] Key type big_key registered
[    3.342746] Key type trusted registered
[    3.355998] Key type encrypted registered
[    3.362740] AppArmor: AppArmor sha1 policy hashing enabled
[    3.422102] ima: No TPM chip found, activating TPM-bypass! (rc=-19)
[    3.461707] ima: Allocated hash algorithm: sha1
[    3.491831] evm: HMAC attrs: 0x1
[    3.510751]   Magic number: 4:736:547
[    3.524548]   hash matches /build/linux-Oi1dQn/linux-4.15.0/drivers/base/power/main.c:787
[    3.745360] tty ttyS23: hash matches
[    3.763044] rtc_cmos rtc_cmos: setting system clock to 2024-04-02 20:30:28 UTC (1712089828)
[    3.869762] BIOS EDD facility v0.16 2004-Jun-25, 0 devices found
[    3.884048] EDD information not available.
[    3.972073] Freeing unused kernel image memory: 2480K
[    4.098528] Write protecting the kernel read-only data: 20480k
[    4.120821] Freeing unused kernel image memory: 2008K
[    4.178603] Freeing unused kernel image memory: 1820K
[    4.217670] x86/mm: Checked W+X mappings: passed, no W+X pages found.
[    4.235017] x86/mm: Checking user space page tables
[    4.276863] x86/mm: Checked W+X mappings: passed, no W+X pages found.
Loading, please wait...
starting version 237
[    4.600455] Fusion MPT base driver 3.04.20
[    4.612437] Copyright (c) 1999-2008 LSI Corporation
[    4.648534] e1000: Intel(R) PRO/1000 Network Driver - version 7.3.21-k8-NAPI
[    4.753891] e1000: Copyright (c) 1999-2006 Intel Corporation.
[    4.881209] Fusion MPT SPI Host driver 3.04.20
[    4.920044] AVX2 version of gcm_enc/dec engaged.
[    4.928822] AES CTR mode by8 optimization enabled
[    5.079337] input: ImExPS/2 Generic Explorer Mouse as /devices/platform/i8042/serio1/input/input4
[    5.613814] e1000 0000:00:03.0 eth0: (PCI:33MHz:32-bit) 02:3b:7b:b7:3b:2d
[    5.621935] e1000 0000:00:03.0 eth0: Intel(R) PRO/1000 Network Connection
[    6.581879] e1000 0000:00:08.0 eth1: (PCI:33MHz:32-bit) 08:00:27:64:27:ab
[    6.594175] e1000 0000:00:08.0 eth1: Intel(R) PRO/1000 Network Connection
[    6.605801] e1000 0000:00:03.0 enp0s3: renamed from eth0
[    6.616742] mptbase: ioc0: Initiating bringup
[    6.629706] e1000 0000:00:08.0 enp0s8: renamed from eth1
[    6.746549] ioc0: LSI53C1030 A0: Capabilities={Initiator}
[    7.009243] scsi host2: ioc0: LSI53C1030 A0, FwRev=00000000h, Ports=1, MaxQ=256, IRQ=20
[    7.190577] scsi 2:0:0:0: Direct-Access     VBOX     HARDDISK         1.0  PQ: 0 ANSI: 5
[    7.245161] scsi target2:0:0: Beginning Domain Validation
[    7.258729] scsi target2:0:0: Domain Validation skipping write tests
[    7.268097] scsi target2:0:0: Ending Domain Validation
[    7.273704] scsi target2:0:0: asynchronous
[    7.280181] scsi 2:0:1:0: Direct-Access     VBOX     HARDDISK         1.0  PQ: 0 ANSI: 5
[    7.320414] scsi target2:0:1: Beginning Domain Validation
[    7.334468] scsi target2:0:1: Domain Validation skipping write tests
[    7.342228] scsi target2:0:1: Ending Domain Validation
[    7.348864] scsi target2:0:1: asynchronous
[    7.367732] sd 2:0:0:0: Attached scsi generic sg0 type 0
[    7.375146] sd 2:0:0:0: [sda] 83886080 512-byte logical blocks: (42.9 GB/40.0 GiB)
[    7.384388] sd 2:0:1:0: Attached scsi generic sg1 type 0
[    7.385425] sd 2:0:0:0: [sda] Write Protect is off
[    7.394307] sd 2:0:1:0: [sdb] 20480 512-byte logical blocks: (10.5 MB/10.0 MiB)
[    7.412091] sd 2:0:1:0: [sdb] Write Protect is off
[    7.419219] sd 2:0:0:0: [sda] Incomplete mode parameter data
[    7.420724] sd 2:0:1:0: [sdb] Incomplete mode parameter data
[    7.431915] sd 2:0:0:0: [sda] Assuming drive cache: write through
[    7.439307] sd 2:0:1:0: [sdb] Assuming drive cache: write through
[    7.462614]  sda: sda1
[    7.468825] sd 2:0:1:0: [sdb] Attached SCSI disk
[    7.475322] sd 2:0:0:0: [sda] Attached SCSI disk
Begin: Loading essential drivers ... [   16.132830] raid6: sse2x1   gen()  5321 MB/s
[   16.225323] raid6: sse2x1   xor()  2731 MB/s
[   16.412926] raid6: sse2x2   gen()  3515 MB/s
[   16.476665] raid6: sse2x2   xor()  2172 MB/s
[   16.537162] raid6: sse2x4   gen()  5480 MB/s
[   16.593080] raid6: sse2x4   xor()  2941 MB/s
[   16.644359] raid6: avx2x1   gen()  8733 MB/s
[   16.696079] raid6: avx2x1   xor()  2041 MB/s
[   16.748105] raid6: avx2x2   gen()  9069 MB/s
[   16.803427] raid6: avx2x2   xor()  3184 MB/s
[   16.860369] raid6: avx2x4   gen() 15291 MB/s
[   16.912574] raid6: avx2x4   xor()  6917 MB/s
[   16.925169] raid6: using algorithm avx2x4 gen() 15291 MB/s
[   16.934017] raid6: .... xor() 6917 MB/s, rmw enabled
[   16.941300] raid6: using avx2x2 recovery algorithm
[   16.955471] xor: automatically using best checksumming function   avx       
[   16.968984] async_tx: api initialized (async)
done.
Begin: Running /scripts/init-premount ... done.
Begin: Mounting root file system ... Begin: Running /scripts/local-top ... done.
Begin: Running /scripts/local-premount ... [   17.085890] Btrfs loaded, crc32c=crc32c-intel
Scanning for Btrfs filesystems
done.
Warning: fsck not present, so skipping root file system
[   17.200883] EXT4-fs (sda1): mounted filesystem with ordered data mode. Opts: (null)
done.
Begin: Running /scripts/local-bottom ... done.
Begin: Running /scripts/init-bottom ... done.
[   17.736211] ip_tables: (C) 2000-2006 Netfilter Core Team
[   17.881612] systemd[1]: systemd 237 running in system mode. (+PAM +AUDIT +SELINUX +IMA +APPARMOR +SMACK +SYSVINIT +UTMP +LIBCRYPTSETUP +GCRYPT +GNUTLS +ACL +XZ +LZ4 +SECCOMP +BLKID +ELFUTILS +KMOD -IDN2 +IDN -PCRE2 default-hierarchy=hybrid)
[   17.908691] systemd[1]: Detected virtualization oracle.
[   17.919424] systemd[1]: Detected architecture x86-64.

Welcome to [1mUbuntu 18.04.6 LTS[0m!

[   18.003276] systemd[1]: Set hostname to <ubuntu>.
[   18.080957] systemd[1]: Initializing machine ID from random generator.
[   18.096366] systemd[1]: Installed transient /etc/machine-id file.
[   18.844567] systemd[1]: Set up automount Arbitrary Executable File Formats File System Automount Point.
[[0;32m  OK  [0m] Set up automount Arbitrary Executab…rmats File System Automount Point.
[   18.869262] systemd[1]: Reached target Mounting snaps.
[[0;32m  OK  [0m] Reached target Mounting snaps.
[   18.989564] systemd[1]: Created slice System Slice.
[[0;32m  OK  [0m] Created slice System Slice.
[   19.006199] systemd[1]: Listening on Journal Audit Socket.
[[0;32m  OK  [0m] Listening on Journal Audit Socket.
[[0;32m  OK  [0m] Listening on Journal Socket (/dev/log).
[[0;32m  OK  [0m] Listening on /dev/initctl Compatibility Named Pipe.
[[0;32m  OK  [0m] Listening on fsck to fsckd communication Socket.
[[0;32m  OK  [0m] Reached target Swap.
[[0;32m  OK  [0m] Reached target System Time Synchronized.
[[0;32m  OK  [0m] Listening on udev Kernel Socket.
[[0;32m  OK  [0m] Reached target User and Group Name Lookups.
[[0;32m  OK  [0m] Created slice User and Session Slice.
[[0;32m  OK  [0m] Reached target Slices.
[[0;32m  OK  [0m] Reached target Mounted snaps.
[[0;32m  OK  [0m] Listening on Journal Socket.
         Starting Uncomplicated firewall...
         Starting File System Check on Root Device...
         Mounting Kernel Debug File System...
         Starting Set the console keyboard layout...
[[0;32m  OK  [0m] Created slice system-serial\x2dgetty.slice.
[[0;32m  OK  [0m] Listening on LVM2 poll daemon socket.
[[0;32m  OK  [0m] Listening on udev Control Socket.
         Starting udev Coldplug all Devices...
[[0;32m  OK  [0m] Started Forward Password Requests to Wall Directory Watch.
[[0;32m  OK  [0m] Listening on LVM2 metadata daemon socket.
         Mounting Huge Pages File System...
         Starting Create list of required st…ce nodes for the current kernel...
[[0;32m  OK  [0m] Listening on Device-mapper event daemon FIFOs.
         Starting Monitoring of LVM2 mirrors…ng dmeventd or progress polling...
         Mounting POSIX Message Queue File System...
[[0;32m  OK  [0m] Listening on Network Service Netlink Socket.
         Starting Load Kernel Modules...
[[0;32m  OK  [0m] Listening on Syslog Socket.
         Starting Journal Service...
[[0;32m  OK  [0m] Started Uncomplicated firewall.
[[0;32m  OK  [0m] Started File System Check on Root Device.
[[0;32m  OK  [0m] Mounted Kernel Debug File System.
[[0;32m  OK  [0m] Mounted Huge Pages File System.
[[0;32m  OK  [0m] Started Create list of required sta…vice nodes for the current kernel.
[[0;32m  OK  [0m] Mounted POSIX Message Queue File System.
[[0;32m  OK  [0m[   20.363682] Loading iSCSI transport class v2.0-870.
] Started File System Check Daemon to report status.
         Starting Create Static Device Nodes in /dev...
         Starting Remount Root and Kernel File Systems...
[[0;32m  OK  [0m] Started LVM2 metadata daemon.
[[0;32m  OK  [0m] Started Create Static Device Nodes in /dev.
[   20.582362] iscsi: registered transport (tcp)
[[0;32m  OK  [0m] Started udev Coldplug all Devices.
[   20.812569] EXT4-fs (sda1): re-mounted. Opts: (null)
[[0;32m  OK  [0m] Started Remount Root and Kernel File Systems.
         Starting udev Kernel Device Manager...
         Starting Load/Save Random Seed...
[[0;32m  OK  [0m] Started Load/Save Random Seed.
[[0;32m  OK  [0m] Started Journal Service.
         Starting Flush Journal to Persistent Storage...
[[0;32m  OK  [0m] Started Monitoring of LVM2 mirrors,…sing dmeventd or progress polling.
[   21.147816] systemd-journald[429]: Received request to flush runtime journal from PID 1
[[0;32m  OK  [0m] Started udev Kernel Device Manager.
[   21.292439] iscsi: registered transport (iser)
[[0;32m  OK  [0m] Started Flush Journal to Persistent Storage.
[[0;32m  OK  [0m] Started Load Kernel Modules.
         Starting Apply Kernel Variables...
         Mounting FUSE Control File System...
         Mounting Kernel Configuration File System...
[[0;32m  OK  [0m] Mounted FUSE Control File System.
[[0;32m  OK  [0m] Mounted Kernel Configuration File System.
[[0;32m  OK  [0m] Started Apply Kernel Variables.
[[0;32m  OK  [0m] Found device /dev/ttyS0.
[[0;32m  OK  [0m] Listening on Load/Save RF Kill Switch Status /dev/rfkill Watch.
         Mounting Arbitrary Executable File Formats File System...
[[0;32m  OK  [0m] Started Set the console keyboard layout.
[[0;32m  OK  [0m] Mounted Arbitrary Executable File Formats File System.
[[0;32m  OK  [0m] Started Dispatch Password Requests to Console Directory Watch.
[[0;32m  OK  [0m] Reached target Local Encrypted Volumes.
[[0;32m  OK  [0m] Reached target Local File Systems (Pre).
[[0;32m  OK  [0m] Reached target Local File Systems.
         Starting Create Volatile Files and Directories...
         Starting Set console font and keymap...
         Starting Commit a transient machine-id on disk...
         Starting Tell Plymouth To Write Out Runtime Data...
         Starting ebtables ruleset management...
         Starting AppArmor initialization...
[[0;32m  OK  [0m] Started Tell Plymouth To Write Out Runtime Data.
[[0;32m  OK  [0m] Started Create Volatile Files and Directories.
[[0;32m  OK  [0m] Started Commit a transient machine-id on disk.
         Starting Update UTMP about System Boot/Shutdown...
[[0;32m  OK  [0m] Started Update UTMP about System Boot/Shutdown.
[[0;32m  OK  [0m] Started ebtables ruleset management.
[[0;32m  OK  [0m] Started AppArmor initialization.
         Starting Load AppArmor profiles managed internally by snapd...
         Starting Initial cloud-init job (pre-networking)...
[[0;32m  OK  [0m] Started Load AppArmor profiles managed internally by snapd.
[[0;32m  OK  [0m] Started Set console font and keymap.
[   35.089841] cloud-init[766]: Cloud-init v. 23.1.2-0ubuntu0~18.04.1 running 'init-local' at Tue, 02 Apr 2024 20:30:59 +0000. Up 34.38 seconds.
[[0;32m  OK  [0m] Started Initial cloud-init job (pre-networking).
[[0;32m  OK  [0m] Reached target Network (Pre).
         Starting Network Service...
[[0;32m  OK  [0m] Started Network Service.
         Starting Wait for Network to be Configured...
         Starting Network Name Resolution...
[[0;32m  OK  [0m] Started Network Name Resolution.
[[0;32m  OK  [0m] Reached target Host and Network Name Lookups.
[[0;32m  OK  [0m] Reached target Network.
[[0;32m  OK  [0m] Started Wait for Network to be Configured.
         Starting Initial cloud-init job (metadata service crawler)...
[   37.968629] cloud-init[910]: Cloud-init v. 23.1.2-0ubuntu0~18.04.1 running 'init' at Tue, 02 Apr 2024 20:31:02 +0000. Up 37.67 seconds.
[   37.987815] cloud-init[910]: ci-info: ++++++++++++++++++++++++++++++++++++++Net device info+++++++++++++++++++++++++++++++++++++++
[   37.998497] cloud-init[910]: ci-info: +--------+-------+----------------------------+---------------+--------+-------------------+
[   38.010163] cloud-init[910]: ci-info: | Device |   Up  |          Address           |      Mask     | Scope  |     Hw-Address    |
[   38.056053] cloud-init[910]: ci-info: +--------+-------+----------------------------+---------------+--------+-------------------+
[   38.278904] cloud-init[910]: ci-info: | enp0s3 |  True |         10.0.2.15          | 255.255.255.0 | global | 02:3b:7b:b7:3b:2d |
[   38.340344] cloud-init[910]: ci-info: | enp0s3 |  True | fe80::3b:7bff:feb7:3b2d/64 |       .       |  link  | 02:3b:7b:b7:3b:2d |
[   38.352027] cloud-init[910]: ci-info: | enp0s8 | False |             .              |       .       |   .    | 08:00:27:64:27:ab |
[   38.364797] cloud-init[910]: ci-info: |   lo   |  True |         127.0.0.1          |   255.0.0.0   |  host  |         .         |
[   38.385897] cloud-init[910]: ci-info: |   lo   |  True |          ::1/128           |       .       |  host  |         .         |
[   38.403775] cloud-init[910]: ci-info: +--------+-------+----------------------------+---------------+--------+-------------------+
[   38.412807] cloud-init[910]: ci-info: ++++++++++++++++++++++++++++Route IPv4 info+++++++++++++++++++++++++++++
[   38.426655] cloud-init[910]: ci-info: +-------+-------------+----------+-----------------+-----------+-------+
[   38.442443] cloud-init[910]: ci-info: | Route | Destination | Gateway  |     Genmask     | Interface | Flags |
[   38.454102] cloud-init[910]: ci-info: +-------+-------------+----------+-----------------+-----------+-------+
[   38.461675] cloud-init[910]: ci-info: |   0   |   0.0.0.0   | 10.0.2.2 |     0.0.0.0     |   enp0s3  |   UG  |
[   38.471005] cloud-init[910]: ci-info: |   1   |   10.0.2.0  | 0.0.0.0  |  255.255.255.0  |   enp0s3  |   U   |
[   38.480998] cloud-init[910]: ci-info: |   2   |   10.0.2.2  | 0.0.0.0  | 255.255.255.255 |   enp0s3  |   UH  |
[   38.488556] cloud-init[910]: ci-info: +-------+-------------+----------+-----------------+-----------+-------+
[   38.497890] cloud-init[910]: ci-info: +++++++++++++++++++Route IPv6 info+++++++++++++++++++
[   38.504740] cloud-init[910]: ci-info: +-------+-------------+---------+-----------+-------+
[   38.518675] cloud-init[910]: ci-info: | Route | Destination | Gateway | Interface | Flags |
[   38.524121] cloud-init[910]: ci-info: +-------+-------------+---------+-----------+-------+
[   38.535861] cloud-init[910]: ci-info: |   1   |  fe80::/64  |    ::   |   enp0s3  |   U   |
[   38.544529] cloud-init[910]: ci-info: |   3   |    local    |    ::   |   enp0s3  |   U   |
[   38.550425] cloud-init[910]: ci-info: |   4   |   ff00::/8  |    ::   |   enp0s3  |   U   |
[   38.565632] cloud-init[910]: ci-info: +-------+-------------+---------+-----------+-------+
[   40.360567] cloud-init[910]: Generating public/private rsa key pair.
[   40.381572] cloud-init[910]: Your identification has been saved in /etc/ssh/ssh_host_rsa_key.
[   40.387477] cloud-init[910]: Your public key has been saved in /etc/ssh/ssh_host_rsa_key.pub.
[   40.397016] cloud-init[910]: The key fingerprint is:
[   40.406825] cloud-init[910]: SHA256:ZgZglKya4TcTy5yVAn66h8/4Mkuq7A3ZLvIuHA4sTW4 root@ubuntu-bionic
[   40.412410] cloud-init[910]: The key's randomart image is:
[   40.415646] cloud-init[910]: +---[RSA 2048]----+
[   40.429866] cloud-init[910]: |   o+.           |
[   40.437567] cloud-init[910]: | . .o.           |
[   40.445388] cloud-init[910]: |. ..  o          |
[   40.449928] cloud-init[910]: |..o+ o .         |
[   40.455275] cloud-init[910]: |oB= *   S        |
[   40.459480] cloud-init[910]: |==EO   +         |
[   40.463570] cloud-init[910]: |===.o            |
[   40.473045] cloud-init[910]: |*O*.             |
[   40.482926] cloud-init[910]: |*O@*             |
[   40.501316] cloud-init[910]: +----[SHA256]-----+
[   40.506995] cloud-init[910]: Generating public/private dsa key pair.
[   40.516756] cloud-init[910]: Your identification has been saved in /etc/ssh/ssh_host_dsa_key.
[   40.528290] cloud-init[910]: Your public key has been saved in /etc/ssh/ssh_host_dsa_key.pub.
[   40.539307] cloud-init[910]: The key fingerprint is:
[   40.542845] cloud-init[910]: SHA256:16mLv2z707nB/9DTSYU26phH83vFPn4OprWNUFmB8F0 root@ubuntu-bionic
[   40.551833] cloud-init[910]: The key's randomart image is:
[   40.558474] cloud-init[910]: +---[DSA 1024]----+
[   40.581715] cloud-init[910]: |           .. ..E|
[   40.587795] cloud-init[910]: |            ....o|
[   40.591197] cloud-init[910]: |             .+.o|
[   40.594609] cloud-init[910]: |           . + +.|
[   40.603350] cloud-init[910]: |        S . * oo |
[   40.648004] cloud-init[910]: |         . * =..=|
[   40.677477] cloud-init[910]: |          + +.O=+|
[   40.694032] cloud-init[910]: |         o.o.=o@=|
[   40.698579] cloud-init[910]: |        .o*+o.*=O|
[   40.702766] cloud-init[910]: +----[SHA256]-----+
[   40.712736] cloud-init[910]: Generating public/private ecdsa key pair.
[   40.770711] cloud-init[910]: Your identification has been saved in /etc/ssh/ssh_host_ecdsa_key.
[   41.152467] cloud-init[910]: Your public key has been saved in /etc/ssh/ssh_host_ecdsa_key.pub.
[   41.275161] cloud-init[910]: The key fingerprint is:
[   41.444103] cloud-init[910]: SHA256:ub+c10szghhw1DSiQsXjOXiL0MHFV+bThr22uiAm3zo root@ubuntu-bionic
[   41.456747] cloud-init[910]: The key's randomart image is:
[   41.470420] cloud-init[910]: +---[ECDSA 256]---+
[   41.475163] cloud-init[910]: |   ..=o o+=      |
[[0;32m  OK  [0m] Started Initial cloud-init job (metadata service crawler).
[[0;32m  OK  [0m] Reached target System Initialization.
[[0;32m  OK  [0m] Listening on Open-iSCSI iscsid Socket.
[   41.485972] cloud-init[[0;32m  OK  [0m] Started ACPI Events Check.
[910]: |   .o +o.+.=     |
[   41.554352] cloud-init[910]: |   ..+o+. + +    |[[0;32m  OK  [0m] Listening on D-Bus System Message Bus Socket.
[[0;32m  OK  [0m] Listening on cloud-init hotplug hook socket.
[[0;32m  OK  [0m] Started Ubuntu Advantage Timer for running repeated jobs.
[[0;32m  OK  [0m] Reached target Paths.
         
[   41.577733] Starting Socket activation for snappy daemon.
[[0;32m  OK  [0m] Started Daily Cleanup of Temporary Directories.
[[0;32m  OK  [0m] Started Message of the Day.
[[0;32m  OK  [0m] Started Daily apt download activities.
cloud-init[910]: |  . o.=o . o .   |
[[0;32m  OK  [0m] Listening on UUID daemon activation socket.
[[0;32m  OK  [0m] Listening on ACPID Listen Socket.
[[0;32m  OK  [0m] Started Daily apt upgrade and clean activities.
         Starting LXD - unix socket.
[[0;32m  OK  [0m] Started Discard unused blocks once a week.
[   41.876472] [[0;32m  OK  [0m] Reached target Timers.
[[0;32m  OK  [0m] Reached target Cloud-config availability.
[[0;32m  OK  [0m] Reached target Network is Online.
         Starting Availability of block devices...
[[0;32m  OK  [0m] Reached target Remote File Systems (Pre).
[[0;32m  OK  [0m] Reached target Remote File Systems.
cloud-init[910]: |   . o oS   o    |
[[0;32m  OK  [0m] Listening on Socket activation for snappy daemon.
[[0;32m  OK  [0m] Listening on LXD - unix socket.
[[0;32m  OK  [0m] Started Availability of block devices.
[[0;32m  OK  [0m] Reached target Sockets.
[[0;32m  OK  [0m] Reached target Basic System.
[   42.109430] cloud-init[910]: |    . .  + o .   |
[   42.115254] cloud-init[910]: |    . o + . o.+  |
[   42.122589] cloud-init[910]: |     +Eo + o.o.o |
[   42.128365] cloud-init[910]: |      oo. B+  .. |
[   42.141864] cloud-init[[0;32m  OK  [0m] Started Regular background program processing daemon.
[910]: +----[SHA256]-----+
[   42.190738] cloud-init[910]: Generating public/private ed25519 key pair.
[   42.229442] cloud-init[910]: Your identification has been saved in /etc/ssh/ssh_host_ed25519_key.
[   42.248676] cloud-init[910]: Your public key has been saved in /etc/ssh/ssh_host_ed25519_key.pub.
[   42.259365] cloud-init[910]: The key fingerprint is:
         Starting Dispatcher daemon for systemd-networkd...
[   42.295098] cloud-init[910]:          SHA256:dGtdYo6thdqm0BUkN9vkhLVuvmu5H/IFbJmOCv6UTrg root@ubuntu-bionicStarting LXD - container startup/shutdown...

[   42.350130] cloud-init[910]: The key's randomart image is:[[0;32m  OK  [0m] Started irqbalance daemon.

[   42.365752] cloud-init[910]: +--[ED25519 256]--+
[   42.375028] cloud-init[910]: |        . +o+    |         Starting Login Service...
[[0;32m  OK  [0m] Started Deferred execution scheduler.
[[0;32m  OK  [0m] Started FUSE filesystem for LXC.
         Starting Virtualbox guest utils...
         Starting LSB: automatic crash report generation...

[   42.476464] cloud-init[910]: |         +.B .   |
[   42.513138] cloud-init[910]:          Starting Snap Daemon...
|        . + * .  |
[   42.870215] cloud-init[910]:          Starting Accounts Service...
|       . . @ + o |
[   42.972680] cloud-init[910]: |        S * B *  |
[   43.030860] cloud-init[910]:          Starting System Logging Service...
[[0;32m  OK  [0m] Reached target Login Prompts (Pre).
|       . * * + . |
[   43.081228] cloud-init[910]: |      . = B +.o .|
[   43.113000] cloud-init[910]: |       o O .o+ o |
[   43.125974] cloud-init[910]: |        E.+.++o  |
[   43.141077] cloud-init[910]: +----[SHA256]-----+
         Starting Pollinate to seed the pseudo random number generator...
         Starting Permit User Sessions...
         Starting LSB: Record successful boot for GRUB...
[[0;32m  OK  [0m] Started D-Bus System Message Bus.
[[0;32m  OK  [0m] Started Login Service.
[[0;32m  OK  [0m] Started Unattended Upgrades Shutdown.
[[0;32m  OK  [0m] Started System Logging Service.
[[0;32m  OK  [0m] Started Permit User Sessions.
         Starting Terminate Plymouth Boot Screen...
         Starting Hold until boot process finishes up...
[[0;32m  OK  [0m] Started Hold until boot process finishes up.
[[0;32m  OK  [0m] Started Terminate Plymouth Boot Screen.
         Starting Set console scheme...
[[0;32m  OK  [0m] Started Serial Getty on ttyS0.
         Starting Authorization Manager...
[[0;32m  OK  [0m] Started Set console scheme.
[[0;32m  OK  [0m] Created slice system-getty.slice.
[[0;32m  OK  [0m] Started Getty on tty1.
[[0;32m  OK  [0m] Reached target Login Prompts.
[[0;32m  OK  [0m] Started LSB: automatic crash report generation.
[[0;32m  OK  [0m] Started LSB: Record successful boot for GRUB.
[[0;32m  OK  [0m] Started Authorization Manager.
[[0;32m  OK  [0m] Started Accounts Service.
[[0;32m  OK  [0m] Started Virtualbox guest utils.
[[0;32m  OK  [0m] Started Dispatcher daemon for systemd-networkd.
[[0;32m  OK  [0m] Started LXD - container startup/shutdown.
[[0;32m  OK  [0m] Started Pollinate to seed the pseudo random number generator.
         Starting OpenBSD Secure Shell server...
[[0;32m  OK  [0m] Started OpenBSD Secure Shell server.
[[0;32m  OK  [0m] Started Snap Daemon.
         Starting Wait until snapd is fully seeded...
[[0;32m  OK  [0m] Created slice User Slice of vagrant.
         Starting User Manager for UID 1000...
[[0;32m  OK  [0m] Started Session 1 of user vagrant.
[[0;32m  OK  [0m] Started User Manager for UID 1000.

Ubuntu 18.04.6 LTS ubuntu-bionic ttyS0

ubuntu-bionic login: [   60.947525] cloud-init[1492]: Cloud-init v. 23.1.2-0ubuntu0~18.04.1 running 'modules:config' at Tue, 02 Apr 2024 20:31:23 +0000. Up 58.79 seconds.
ci-info: no authorized SSH keys fingerprints found for user ubuntu.
<14>Apr  2 20:31:29 cloud-init: #############################################################
<14>Apr  2 20:31:29 cloud-init: -----BEGIN SSH HOST KEY FINGERPRINTS-----
<14>Apr  2 20:31:29 cloud-init: 1024 SHA256:16mLv2z707nB/9DTSYU26phH83vFPn4OprWNUFmB8F0 root@ubuntu-bionic (DSA)
<14>Apr  2 20:31:29 cloud-init: 256 SHA256:ub+c10szghhw1DSiQsXjOXiL0MHFV+bThr22uiAm3zo root@ubuntu-bionic (ECDSA)
<14>Apr  2 20:31:29 cloud-init: 256 SHA256:dGtdYo6thdqm0BUkN9vkhLVuvmu5H/IFbJmOCv6UTrg root@ubuntu-bionic (ED25519)
<14>Apr  2 20:31:29 cloud-init: 2048 SHA256:ZgZglKya4TcTy5yVAn66h8/4Mkuq7A3ZLvIuHA4sTW4 root@ubuntu-bionic (RSA)
<14>Apr  2 20:31:29 cloud-init: -----END SSH HOST KEY FINGERPRINTS-----
<14>Apr  2 20:31:29 cloud-init: #############################################################
-----BEGIN SSH HOST KEY KEYS-----
ecdsa-sha2-nistp256 AAAAE2VjZHNhLXNoYTItbmlzdHAyNTYAAAAIbmlzdHAyNTYAAABBBI9Q6sDZ1nixRD2a+T9NI2H3Ovwo7dk4bkSclhuoGhS3CkMqqPYTAPmSLPd4Oaoi/nqHOixrtG1FbCDbLGq0Wv0= root@ubuntu-bionic
ssh-ed25519 AAAAC3NzaC1lZDI1NTE5AAAAIOZadGlcCRp5s0x1PGv95VjtswoCV0px2LGNFi39tO5E root@ubuntu-bionic
ssh-rsa AAAAB3NzaC1yc2EAAAADAQABAAABAQDjeKPipEeN9QEK0fOGWJ9OcNUdeTHMpkq2rCf1VhtHy7xsU3ruOSqs7TL/9MJ0gL2NwWZKKotHl1In3BQVeWMLmR9h20tWZG068sAZH8M+7zPi/wj45gLXyTi2MWrWDksn65rzWAjkjL/+dsLZ35wpVpJoyPYntHMy7HJQvHaQNtwCa/b2UsENMXjdeBm3jcCB60ADt8qepMxeyvOx3rp/tZaka2pfIklkYcBw+7Zc6ZJLUNC3Sm9eA5vG+Ro+/ykLOJrpJ3w/wkjHqKBVJDn8ufZ8RNSdGCumBY3OScxdztjFjI+mvGmmMZgWBYV7gqi6ueliTreDLQUEOuuiyfwT root@ubuntu-bionic
-----END SSH HOST KEY KEYS-----
[   64.540382] cloud-init[1704]: Cloud-init v. 23.1.2-0ubuntu0~18.04.1 running 'modules:final' at Tue, 02 Apr 2024 20:31:28 +0000. Up 63.84 seconds.
[   64.555320] cloud-init[1704]: Cloud-init v. 23.1.2-0ubuntu0~18.04.1 finished at Tue, 02 Apr 2024 20:31:29 +0000. Datasource DataSourceNoCloud [seed=/dev/sdb][dsmode=net].  Up 64.52 seconds
