2024-08-29 13:11:50,683 - peluqueria_mael - ERROR - 'professionals' - /peluqueriamael/Backend/microservices/app/API/v1/db/mongodb/services/make_all_appointment_sheet.py:128
2024-08-29 13:14:29,168 - peluqueria_mael - ERROR - 'professionals' - /peluqueriamael/Backend/microservices/app/API/v1/db/mongodb/services/make_all_appointment_sheet.py:129
2024-08-29 13:16:05,743 - peluqueria_mael - ERROR - 'professionals' - /peluqueriamael/Backend/microservices/app/API/v1/db/mongodb/services/make_all_appointment_sheet.py:129
2024-08-29 13:18:27,769 - peluqueria_mael - ERROR - 'professionals' - /peluqueriamael/Backend/microservices/app/API/v1/db/mongodb/services/make_all_appointment_sheet.py:131
2024-08-29 13:18:48,992 - peluqueria_mael - ERROR - 'professionals' - /peluqueriamael/Backend/microservices/app/API/v1/db/mongodb/services/make_all_appointment_sheet.py:131
2024-08-29 13:19:11,544 - peluqueria_mael - ERROR - hi - /peluqueriamael/Backend/microservices/app/API/v1/db/mongodb/services/make_all_appointment_sheet.py:200
2024-08-29 13:19:11,544 - peluqueria_mael - ERROR - 'professionals' - /peluqueriamael/Backend/microservices/app/API/v1/db/mongodb/services/make_all_appointment_sheet.py:131
2024-08-29 13:22:44,665 - peluqueria_mael - ERROR - hi - /peluqueriamael/Backend/microservices/app/API/v1/db/mongodb/services/make_all_appointment_sheet.py:201
2024-08-29 13:22:44,665 - peluqueria_mael - ERROR - 'professionals' - /peluqueriamael/Backend/microservices/app/API/v1/db/mongodb/services/make_all_appointment_sheet.py:132
2024-08-29 13:23:06,134 - peluqueria_mael - ERROR - 'professionals' - /peluqueriamael/Backend/microservices/app/API/v1/db/mongodb/services/make_all_appointment_sheet.py:132
2024-08-29 13:41:17,725 - peluqueria_mael - ERROR - 'professionals' - /peluqueriamael/Backend/microservices/app/API/v1/db/mongodb/services/make_all_appointment_sheet.py:132
2024-08-29 13:42:47,864 - peluqueria_mael - ERROR - 'professionals' - /peluqueriamael/Backend/microservices/app/API/v1/db/mongodb/services/make_all_appointment_sheet.py:132
2024-08-29 13:42:59,156 - peluqueria_mael - ERROR - 'professionals' - /peluqueriamael/Backend/microservices/app/API/v1/db/mongodb/services/make_all_appointment_sheet.py:132
2024-08-29 13:43:17,506 - peluqueria_mael - ERROR - 'professionals' - /peluqueriamael/Backend/microservices/app/API/v1/db/mongodb/services/make_all_appointment_sheet.py:132
2024-08-29 14:02:47,060 - peluqueria_mael - ERROR - 'professionals' - /peluqueriamael/Backend/microservices/app/API/v1/db/mongodb/services/make_all_appointment_sheet.py:137
2024-08-29 14:03:18,120 - peluqueria_mael - ERROR - 'professionals' - /peluqueriamael/Backend/microservices/app/API/v1/db/mongodb/services/make_all_appointment_sheet.py:138
2024-08-29 14:04:24,004 - peluqueria_mael - ERROR - 'professionals' - /peluqueriamael/Backend/microservices/app/API/v1/db/mongodb/services/make_all_appointment_sheet.py:138
2024-08-29 14:04:46,268 - peluqueria_mael - ERROR - 'professionals' - /peluqueriamael/Backend/microservices/app/API/v1/db/mongodb/services/make_all_appointment_sheet.py:138
2024-08-29 14:06:56,267 - peluqueria_mael - ERROR - 'dict' object has no attribute 'key' - /peluqueriamael/Backend/microservices/app/API/v1/db/mongodb/services/make_all_appointment_sheet.py:137
2024-08-29 14:07:23,912 - peluqueria_mael - ERROR - 'dict' object has no attribute 'key' - /peluqueriamael/Backend/microservices/app/API/v1/db/mongodb/services/make_all_appointment_sheet.py:137
2024-08-29 14:07:46,766 - peluqueria_mael - ERROR - 'dict' object has no attribute 'key' - /peluqueriamael/Backend/microservices/app/API/v1/db/mongodb/services/make_all_appointment_sheet.py:138
2024-08-29 14:08:01,693 - peluqueria_mael - ERROR - 'dict' object has no attribute 'key' - /peluqueriamael/Backend/microservices/app/API/v1/db/mongodb/services/make_all_appointment_sheet.py:138
2024-08-29 14:13:51,507 - peluqueria_mael - ERROR - 'list' object has no attribute 'value' - /peluqueriamael/Backend/microservices/app/API/v1/db/mongodb/services/make_all_appointment_sheet.py:138
2024-08-29 14:14:08,814 - peluqueria_mael - ERROR - 'list' object has no attribute 'items' - /peluqueriamael/Backend/microservices/app/API/v1/db/mongodb/services/make_all_appointment_sheet.py:138
2024-08-29 14:14:46,155 - peluqueria_mael - ERROR - too many values to unpack (expected 2) - /peluqueriamael/Backend/microservices/app/API/v1/db/mongodb/services/make_all_appointment_sheet.py:138
2024-08-29 14:14:52,252 - peluqueria_mael - ERROR - 'peluqueros' - /peluqueriamael/Backend/microservices/app/API/v1/db/mongodb/services/make_all_appointment_sheet.py:138
2024-08-29 14:16:13,452 - peluqueria_mael - ERROR - 'professionals' - /peluqueriamael/Backend/microservices/app/API/v1/db/mongodb/services/make_all_appointment_sheet.py:138
2024-08-29 14:16:35,905 - peluqueria_mael - ERROR - 'personal' - /peluqueriamael/Backend/microservices/app/API/v1/db/mongodb/services/make_all_appointment_sheet.py:138
2024-08-29 14:16:48,519 - peluqueria_mael - ERROR - 'personal' - /peluqueriamael/Backend/microservices/app/API/v1/db/mongodb/services/make_all_appointment_sheet.py:138
2024-08-29 14:17:22,830 - peluqueria_mael - ERROR - 'peluqueros' - /peluqueriamael/Backend/microservices/app/API/v1/db/mongodb/services/make_all_appointment_sheet.py:138
2024-08-29 14:17:50,864 - peluqueria_mael - ERROR - 'peluqueros' - /peluqueriamael/Backend/microservices/app/API/v1/db/mongodb/services/make_all_appointment_sheet.py:139
2024-08-29 14:32:42,914 - peluqueria_mael - ERROR - 'Table' object has no attribute 'find_one' - /peluqueriamael/Backend/microservices/app/API/v1/db/mongodb/services/make_all_appointment_sheet.py:190
2024-08-29 14:32:42,915 - peluqueria_mael - ERROR - 'Table' object has no attribute 'find_one' - /peluqueriamael/Backend/microservices/app/API/v1/db/mongodb/services/make_all_appointment_sheet.py:190
2024-08-29 14:32:42,915 - peluqueria_mael - ERROR - 'Table' object has no attribute 'find_one' - /peluqueriamael/Backend/microservices/app/API/v1/db/mongodb/services/make_all_appointment_sheet.py:190
2024-08-29 14:32:42,915 - peluqueria_mael - ERROR - 'Table' object has no attribute 'find_one' - /peluqueriamael/Backend/microservices/app/API/v1/db/mongodb/services/make_all_appointment_sheet.py:190
2024-08-29 14:32:42,915 - peluqueria_mael - ERROR - 'Table' object has no attribute 'find_one' - /peluqueriamael/Backend/microservices/app/API/v1/db/mongodb/services/make_all_appointment_sheet.py:190
2024-08-29 14:32:42,915 - peluqueria_mael - ERROR - 'Table' object has no attribute 'find_one' - /peluqueriamael/Backend/microservices/app/API/v1/db/mongodb/services/make_all_appointment_sheet.py:190
2024-08-29 14:32:42,915 - peluqueria_mael - ERROR - 'Table' object has no attribute 'find_one' - /peluqueriamael/Backend/microservices/app/API/v1/db/mongodb/services/make_all_appointment_sheet.py:190
2024-08-29 14:32:42,915 - peluqueria_mael - ERROR - 'Table' object has no attribute 'find_one' - /peluqueriamael/Backend/microservices/app/API/v1/db/mongodb/services/make_all_appointment_sheet.py:190
2024-08-29 14:32:42,916 - peluqueria_mael - ERROR - 'Table' object has no attribute 'find_one' - /peluqueriamael/Backend/microservices/app/API/v1/db/mongodb/services/make_all_appointment_sheet.py:190
2024-08-29 14:32:42,916 - peluqueria_mael - ERROR - 'Table' object has no attribute 'find_one' - /peluqueriamael/Backend/microservices/app/API/v1/db/mongodb/services/make_all_appointment_sheet.py:190
2024-08-29 14:32:42,916 - peluqueria_mael - ERROR - 'Table' object has no attribute 'find_one' - /peluqueriamael/Backend/microservices/app/API/v1/db/mongodb/services/make_all_appointment_sheet.py:190
2024-08-29 14:32:42,916 - peluqueria_mael - ERROR - 'Table' object has no attribute 'find_one' - /peluqueriamael/Backend/microservices/app/API/v1/db/mongodb/services/make_all_appointment_sheet.py:190
2024-08-29 14:32:42,916 - peluqueria_mael - ERROR - 'Table' object has no attribute 'find_one' - /peluqueriamael/Backend/microservices/app/API/v1/db/mongodb/services/make_all_appointment_sheet.py:190
2024-08-29 14:32:42,916 - peluqueria_mael - ERROR - 'Table' object has no attribute 'find_one' - /peluqueriamael/Backend/microservices/app/API/v1/db/mongodb/services/make_all_appointment_sheet.py:190
2024-08-29 14:32:42,916 - peluqueria_mael - ERROR - 'Table' object has no attribute 'find_one' - /peluqueriamael/Backend/microservices/app/API/v1/db/mongodb/services/make_all_appointment_sheet.py:190
2024-08-29 14:32:42,917 - peluqueria_mael - ERROR - 'Table' object has no attribute 'find_one' - /peluqueriamael/Backend/microservices/app/API/v1/db/mongodb/services/make_all_appointment_sheet.py:190
2024-08-29 14:32:42,917 - peluqueria_mael - ERROR - 'Table' object has no attribute 'find_one' - /peluqueriamael/Backend/microservices/app/API/v1/db/mongodb/services/make_all_appointment_sheet.py:190
2024-08-29 14:32:42,917 - peluqueria_mael - ERROR - 'Table' object has no attribute 'find_one' - /peluqueriamael/Backend/microservices/app/API/v1/db/mongodb/services/make_all_appointment_sheet.py:190
2024-08-29 14:32:42,917 - peluqueria_mael - ERROR - 'Table' object has no attribute 'find_one' - /peluqueriamael/Backend/microservices/app/API/v1/db/mongodb/services/make_all_appointment_sheet.py:190
2024-08-29 14:32:42,917 - peluqueria_mael - ERROR - 'Table' object has no attribute 'find_one' - /peluqueriamael/Backend/microservices/app/API/v1/db/mongodb/services/make_all_appointment_sheet.py:190
2024-08-29 14:32:42,917 - peluqueria_mael - ERROR - 'Table' object has no attribute 'find_one' - /peluqueriamael/Backend/microservices/app/API/v1/db/mongodb/services/make_all_appointment_sheet.py:190
2024-08-29 14:32:42,917 - peluqueria_mael - ERROR - 'Table' object has no attribute 'find_one' - /peluqueriamael/Backend/microservices/app/API/v1/db/mongodb/services/make_all_appointment_sheet.py:190
2024-08-29 14:32:42,917 - peluqueria_mael - ERROR - 'Table' object has no attribute 'find_one' - /peluqueriamael/Backend/microservices/app/API/v1/db/mongodb/services/make_all_appointment_sheet.py:190
2024-08-29 14:32:42,918 - peluqueria_mael - ERROR - 'Table' object has no attribute 'find_one' - /peluqueriamael/Backend/microservices/app/API/v1/db/mongodb/services/make_all_appointment_sheet.py:190
2024-08-29 14:32:42,918 - peluqueria_mael - ERROR - 'Table' object has no attribute 'find_one' - /peluqueriamael/Backend/microservices/app/API/v1/db/mongodb/services/make_all_appointment_sheet.py:190
2024-08-29 14:32:42,918 - peluqueria_mael - ERROR - 'Table' object has no attribute 'find_one' - /peluqueriamael/Backend/microservices/app/API/v1/db/mongodb/services/make_all_appointment_sheet.py:190
2024-08-29 14:32:42,918 - peluqueria_mael - ERROR - 'Table' object has no attribute 'find_one' - /peluqueriamael/Backend/microservices/app/API/v1/db/mongodb/services/make_all_appointment_sheet.py:190
2024-08-29 14:32:42,918 - peluqueria_mael - ERROR - 'Table' object has no attribute 'find_one' - /peluqueriamael/Backend/microservices/app/API/v1/db/mongodb/services/make_all_appointment_sheet.py:190
2024-08-29 14:32:42,918 - peluqueria_mael - ERROR - 'Table' object has no attribute 'find_one' - /peluqueriamael/Backend/microservices/app/API/v1/db/mongodb/services/make_all_appointment_sheet.py:190
2024-08-29 14:32:42,918 - peluqueria_mael - ERROR - 'Table' object has no attribute 'find_one' - /peluqueriamael/Backend/microservices/app/API/v1/db/mongodb/services/make_all_appointment_sheet.py:190
2024-08-29 14:32:42,919 - peluqueria_mael - ERROR - 'Table' object has no attribute 'find_one' - /peluqueriamael/Backend/microservices/app/API/v1/db/mongodb/services/make_all_appointment_sheet.py:190
2024-08-29 14:32:42,919 - peluqueria_mael - ERROR - 'Table' object has no attribute 'find_one' - /peluqueriamael/Backend/microservices/app/API/v1/db/mongodb/services/make_all_appointment_sheet.py:190
2024-08-29 14:32:42,919 - peluqueria_mael - ERROR - 'Table' object has no attribute 'find_one' - /peluqueriamael/Backend/microservices/app/API/v1/db/mongodb/services/make_all_appointment_sheet.py:190
2024-08-29 14:32:42,919 - peluqueria_mael - ERROR - 'Table' object has no attribute 'find_one' - /peluqueriamael/Backend/microservices/app/API/v1/db/mongodb/services/make_all_appointment_sheet.py:190
2024-08-29 14:32:42,919 - peluqueria_mael - ERROR - 'Table' object has no attribute 'find_one' - /peluqueriamael/Backend/microservices/app/API/v1/db/mongodb/services/make_all_appointment_sheet.py:190
2024-08-29 14:32:42,919 - peluqueria_mael - ERROR - 'Table' object has no attribute 'find_one' - /peluqueriamael/Backend/microservices/app/API/v1/db/mongodb/services/make_all_appointment_sheet.py:190
2024-08-29 14:32:42,919 - peluqueria_mael - ERROR - 'Table' object has no attribute 'find_one' - /peluqueriamael/Backend/microservices/app/API/v1/db/mongodb/services/make_all_appointment_sheet.py:190
2024-08-29 14:32:42,919 - peluqueria_mael - ERROR - 'Table' object has no attribute 'find_one' - /peluqueriamael/Backend/microservices/app/API/v1/db/mongodb/services/make_all_appointment_sheet.py:190
2024-08-29 14:32:42,920 - peluqueria_mael - ERROR - 'Table' object has no attribute 'find_one' - /peluqueriamael/Backend/microservices/app/API/v1/db/mongodb/services/make_all_appointment_sheet.py:190
2024-08-29 14:32:42,920 - peluqueria_mael - ERROR - 'Table' object has no attribute 'find_one' - /peluqueriamael/Backend/microservices/app/API/v1/db/mongodb/services/make_all_appointment_sheet.py:190
2024-08-29 14:32:42,920 - peluqueria_mael - ERROR - 'Table' object has no attribute 'find_one' - /peluqueriamael/Backend/microservices/app/API/v1/db/mongodb/services/make_all_appointment_sheet.py:190
2024-08-29 14:32:42,920 - peluqueria_mael - ERROR - 'Table' object has no attribute 'find_one' - /peluqueriamael/Backend/microservices/app/API/v1/db/mongodb/services/make_all_appointment_sheet.py:190
2024-08-29 14:32:42,920 - peluqueria_mael - ERROR - 'Table' object has no attribute 'find_one' - /peluqueriamael/Backend/microservices/app/API/v1/db/mongodb/services/make_all_appointment_sheet.py:190
2024-08-29 14:32:42,920 - peluqueria_mael - ERROR - 'Table' object has no attribute 'find_one' - /peluqueriamael/Backend/microservices/app/API/v1/db/mongodb/services/make_all_appointment_sheet.py:190
2024-08-29 14:32:42,920 - peluqueria_mael - ERROR - 'Table' object has no attribute 'find_one' - /peluqueriamael/Backend/microservices/app/API/v1/db/mongodb/services/make_all_appointment_sheet.py:190
2024-08-29 14:32:42,921 - peluqueria_mael - ERROR - 'Table' object has no attribute 'find_one' - /peluqueriamael/Backend/microservices/app/API/v1/db/mongodb/services/make_all_appointment_sheet.py:190
2024-08-29 14:32:42,921 - peluqueria_mael - ERROR - 'Table' object has no attribute 'find_one' - /peluqueriamael/Backend/microservices/app/API/v1/db/mongodb/services/make_all_appointment_sheet.py:190
2024-08-29 14:32:42,921 - peluqueria_mael - ERROR - 'Table' object has no attribute 'find_one' - /peluqueriamael/Backend/microservices/app/API/v1/db/mongodb/services/make_all_appointment_sheet.py:190
2024-08-29 14:32:42,921 - peluqueria_mael - ERROR - 'Table' object has no attribute 'find_one' - /peluqueriamael/Backend/microservices/app/API/v1/db/mongodb/services/make_all_appointment_sheet.py:190
2024-08-29 14:32:42,921 - peluqueria_mael - ERROR - 'Table' object has no attribute 'find_one' - /peluqueriamael/Backend/microservices/app/API/v1/db/mongodb/services/make_all_appointment_sheet.py:190
2024-08-29 14:32:42,921 - peluqueria_mael - ERROR - 'Table' object has no attribute 'find_one' - /peluqueriamael/Backend/microservices/app/API/v1/db/mongodb/services/make_all_appointment_sheet.py:190
2024-08-29 14:32:42,921 - peluqueria_mael - ERROR - 'Table' object has no attribute 'find_one' - /peluqueriamael/Backend/microservices/app/API/v1/db/mongodb/services/make_all_appointment_sheet.py:190
2024-08-29 14:32:42,921 - peluqueria_mael - ERROR - 'Table' object has no attribute 'find_one' - /peluqueriamael/Backend/microservices/app/API/v1/db/mongodb/services/make_all_appointment_sheet.py:190
2024-08-29 14:32:42,922 - peluqueria_mael - ERROR - 'Table' object has no attribute 'find_one' - /peluqueriamael/Backend/microservices/app/API/v1/db/mongodb/services/make_all_appointment_sheet.py:190
2024-08-29 14:32:42,922 - peluqueria_mael - ERROR - 'Table' object has no attribute 'find_one' - /peluqueriamael/Backend/microservices/app/API/v1/db/mongodb/services/make_all_appointment_sheet.py:190
2024-08-29 14:32:42,922 - peluqueria_mael - ERROR - 'Table' object has no attribute 'find_one' - /peluqueriamael/Backend/microservices/app/API/v1/db/mongodb/services/make_all_appointment_sheet.py:190
2024-08-29 14:32:42,922 - peluqueria_mael - ERROR - 'Table' object has no attribute 'find_one' - /peluqueriamael/Backend/microservices/app/API/v1/db/mongodb/services/make_all_appointment_sheet.py:190
2024-08-29 14:32:42,922 - peluqueria_mael - ERROR - 'Table' object has no attribute 'find_one' - /peluqueriamael/Backend/microservices/app/API/v1/db/mongodb/services/make_all_appointment_sheet.py:190
2024-08-29 14:32:42,922 - peluqueria_mael - ERROR - 'Table' object has no attribute 'find_one' - /peluqueriamael/Backend/microservices/app/API/v1/db/mongodb/services/make_all_appointment_sheet.py:190
2024-08-29 14:32:42,922 - peluqueria_mael - ERROR - 'Table' object has no attribute 'find_one' - /peluqueriamael/Backend/microservices/app/API/v1/db/mongodb/services/make_all_appointment_sheet.py:190
2024-08-29 14:32:42,923 - peluqueria_mael - ERROR - 'Table' object has no attribute 'find_one' - /peluqueriamael/Backend/microservices/app/API/v1/db/mongodb/services/make_all_appointment_sheet.py:190
2024-08-29 14:32:42,923 - peluqueria_mael - ERROR - 'Table' object has no attribute 'find_one' - /peluqueriamael/Backend/microservices/app/API/v1/db/mongodb/services/make_all_appointment_sheet.py:190
2024-08-29 14:32:42,923 - peluqueria_mael - ERROR - 'Table' object has no attribute 'find_one' - /peluqueriamael/Backend/microservices/app/API/v1/db/mongodb/services/make_all_appointment_sheet.py:190
2024-08-29 14:32:42,923 - peluqueria_mael - ERROR - 'Table' object has no attribute 'find_one' - /peluqueriamael/Backend/microservices/app/API/v1/db/mongodb/services/make_all_appointment_sheet.py:190
2024-08-29 14:32:42,923 - peluqueria_mael - ERROR - 'Table' object has no attribute 'find_one' - /peluqueriamael/Backend/microservices/app/API/v1/db/mongodb/services/make_all_appointment_sheet.py:190
2024-08-29 14:32:42,923 - peluqueria_mael - ERROR - 'Table' object has no attribute 'find_one' - /peluqueriamael/Backend/microservices/app/API/v1/db/mongodb/services/make_all_appointment_sheet.py:190
2024-08-29 14:32:42,923 - peluqueria_mael - ERROR - 'Table' object has no attribute 'find_one' - /peluqueriamael/Backend/microservices/app/API/v1/db/mongodb/services/make_all_appointment_sheet.py:190
2024-08-29 14:32:42,923 - peluqueria_mael - ERROR - 'Table' object has no attribute 'find_one' - /peluqueriamael/Backend/microservices/app/API/v1/db/mongodb/services/make_all_appointment_sheet.py:190
2024-08-29 14:32:42,924 - peluqueria_mael - ERROR - 'Table' object has no attribute 'find_one' - /peluqueriamael/Backend/microservices/app/API/v1/db/mongodb/services/make_all_appointment_sheet.py:190
2024-08-29 14:32:42,924 - peluqueria_mael - ERROR - 'Table' object has no attribute 'find_one' - /peluqueriamael/Backend/microservices/app/API/v1/db/mongodb/services/make_all_appointment_sheet.py:190
2024-08-29 14:32:42,924 - peluqueria_mael - ERROR - 'Table' object has no attribute 'find_one' - /peluqueriamael/Backend/microservices/app/API/v1/db/mongodb/services/make_all_appointment_sheet.py:190
2024-08-29 14:32:42,924 - peluqueria_mael - ERROR - 'Table' object has no attribute 'find_one' - /peluqueriamael/Backend/microservices/app/API/v1/db/mongodb/services/make_all_appointment_sheet.py:190
2024-08-29 14:32:42,924 - peluqueria_mael - ERROR - 'Table' object has no attribute 'find_one' - /peluqueriamael/Backend/microservices/app/API/v1/db/mongodb/services/make_all_appointment_sheet.py:190
2024-08-29 14:32:42,924 - peluqueria_mael - ERROR - 'Table' object has no attribute 'find_one' - /peluqueriamael/Backend/microservices/app/API/v1/db/mongodb/services/make_all_appointment_sheet.py:190
2024-08-29 14:32:42,924 - peluqueria_mael - ERROR - 'Table' object has no attribute 'find_one' - /peluqueriamael/Backend/microservices/app/API/v1/db/mongodb/services/make_all_appointment_sheet.py:190
2024-08-29 14:32:42,925 - peluqueria_mael - ERROR - 'Table' object has no attribute 'find_one' - /peluqueriamael/Backend/microservices/app/API/v1/db/mongodb/services/make_all_appointment_sheet.py:190
2024-08-29 14:32:42,925 - peluqueria_mael - ERROR - 'Table' object has no attribute 'find_one' - /peluqueriamael/Backend/microservices/app/API/v1/db/mongodb/services/make_all_appointment_sheet.py:190
2024-08-29 14:32:42,925 - peluqueria_mael - ERROR - 'Table' object has no attribute 'find_one' - /peluqueriamael/Backend/microservices/app/API/v1/db/mongodb/services/make_all_appointment_sheet.py:190
2024-08-29 14:32:42,925 - peluqueria_mael - ERROR - 'Table' object has no attribute 'find_one' - /peluqueriamael/Backend/microservices/app/API/v1/db/mongodb/services/make_all_appointment_sheet.py:190
2024-08-29 14:32:42,925 - peluqueria_mael - ERROR - 'Table' object has no attribute 'find_one' - /peluqueriamael/Backend/microservices/app/API/v1/db/mongodb/services/make_all_appointment_sheet.py:190
2024-08-29 14:32:42,925 - peluqueria_mael - ERROR - 'Table' object has no attribute 'find_one' - /peluqueriamael/Backend/microservices/app/API/v1/db/mongodb/services/make_all_appointment_sheet.py:190
2024-08-29 14:32:42,925 - peluqueria_mael - ERROR - 'Table' object has no attribute 'find_one' - /peluqueriamael/Backend/microservices/app/API/v1/db/mongodb/services/make_all_appointment_sheet.py:190
2024-08-29 14:32:42,925 - peluqueria_mael - ERROR - 'Table' object has no attribute 'find_one' - /peluqueriamael/Backend/microservices/app/API/v1/db/mongodb/services/make_all_appointment_sheet.py:190
2024-08-29 14:32:42,926 - peluqueria_mael - ERROR - 'Table' object has no attribute 'find_one' - /peluqueriamael/Backend/microservices/app/API/v1/db/mongodb/services/make_all_appointment_sheet.py:190
2024-08-29 14:32:42,926 - peluqueria_mael - ERROR - 'Table' object has no attribute 'find_one' - /peluqueriamael/Backend/microservices/app/API/v1/db/mongodb/services/make_all_appointment_sheet.py:190
2024-08-29 14:32:42,926 - peluqueria_mael - ERROR - 'Table' object has no attribute 'find_one' - /peluqueriamael/Backend/microservices/app/API/v1/db/mongodb/services/make_all_appointment_sheet.py:190
2024-08-29 14:32:42,926 - peluqueria_mael - ERROR - 'Table' object has no attribute 'find_one' - /peluqueriamael/Backend/microservices/app/API/v1/db/mongodb/services/make_all_appointment_sheet.py:190
2024-08-29 14:32:42,926 - peluqueria_mael - ERROR - 'Table' object has no attribute 'find_one' - /peluqueriamael/Backend/microservices/app/API/v1/db/mongodb/services/make_all_appointment_sheet.py:190
2024-08-29 14:32:42,926 - peluqueria_mael - ERROR - 'Table' object has no attribute 'find_one' - /peluqueriamael/Backend/microservices/app/API/v1/db/mongodb/services/make_all_appointment_sheet.py:190
2024-08-29 14:32:42,926 - peluqueria_mael - ERROR - 'Table' object has no attribute 'find_one' - /peluqueriamael/Backend/microservices/app/API/v1/db/mongodb/services/make_all_appointment_sheet.py:190
2024-08-29 14:32:42,927 - peluqueria_mael - ERROR - 'Table' object has no attribute 'find_one' - /peluqueriamael/Backend/microservices/app/API/v1/db/mongodb/services/make_all_appointment_sheet.py:190
2024-08-29 14:32:42,927 - peluqueria_mael - ERROR - 'Table' object has no attribute 'find_one' - /peluqueriamael/Backend/microservices/app/API/v1/db/mongodb/services/make_all_appointment_sheet.py:190
2024-08-29 14:32:42,927 - peluqueria_mael - ERROR - 'Table' object has no attribute 'find_one' - /peluqueriamael/Backend/microservices/app/API/v1/db/mongodb/services/make_all_appointment_sheet.py:190
2024-08-29 14:32:42,927 - peluqueria_mael - ERROR - 'Table' object has no attribute 'find_one' - /peluqueriamael/Backend/microservices/app/API/v1/db/mongodb/services/make_all_appointment_sheet.py:190
2024-08-29 14:32:42,927 - peluqueria_mael - ERROR - 'Table' object has no attribute 'find_one' - /peluqueriamael/Backend/microservices/app/API/v1/db/mongodb/services/make_all_appointment_sheet.py:190
2024-08-29 14:32:42,927 - peluqueria_mael - ERROR - 'Table' object has no attribute 'find_one' - /peluqueriamael/Backend/microservices/app/API/v1/db/mongodb/services/make_all_appointment_sheet.py:190
2024-08-29 14:32:42,927 - peluqueria_mael - ERROR - 'Table' object has no attribute 'find_one' - /peluqueriamael/Backend/microservices/app/API/v1/db/mongodb/services/make_all_appointment_sheet.py:190
2024-08-29 14:32:42,927 - peluqueria_mael - ERROR - 'Table' object has no attribute 'find_one' - /peluqueriamael/Backend/microservices/app/API/v1/db/mongodb/services/make_all_appointment_sheet.py:190
2024-08-29 14:32:42,928 - peluqueria_mael - ERROR - 'Table' object has no attribute 'find_one' - /peluqueriamael/Backend/microservices/app/API/v1/db/mongodb/services/make_all_appointment_sheet.py:190
2024-08-29 14:32:42,928 - peluqueria_mael - ERROR - 'Table' object has no attribute 'find_one' - /peluqueriamael/Backend/microservices/app/API/v1/db/mongodb/services/make_all_appointment_sheet.py:190
2024-08-29 14:32:42,928 - peluqueria_mael - ERROR - 'Table' object has no attribute 'find_one' - /peluqueriamael/Backend/microservices/app/API/v1/db/mongodb/services/make_all_appointment_sheet.py:190
2024-08-29 14:32:42,928 - peluqueria_mael - ERROR - 'Table' object has no attribute 'find_one' - /peluqueriamael/Backend/microservices/app/API/v1/db/mongodb/services/make_all_appointment_sheet.py:190
2024-08-29 14:32:42,928 - peluqueria_mael - ERROR - 'Table' object has no attribute 'find_one' - /peluqueriamael/Backend/microservices/app/API/v1/db/mongodb/services/make_all_appointment_sheet.py:190
2024-08-29 14:32:42,928 - peluqueria_mael - ERROR - 'Table' object has no attribute 'find_one' - /peluqueriamael/Backend/microservices/app/API/v1/db/mongodb/services/make_all_appointment_sheet.py:190
2024-08-29 14:32:42,928 - peluqueria_mael - ERROR - 'Table' object has no attribute 'find_one' - /peluqueriamael/Backend/microservices/app/API/v1/db/mongodb/services/make_all_appointment_sheet.py:190
2024-08-29 14:32:42,929 - peluqueria_mael - ERROR - 'Table' object has no attribute 'find_one' - /peluqueriamael/Backend/microservices/app/API/v1/db/mongodb/services/make_all_appointment_sheet.py:190
2024-08-29 14:32:42,929 - peluqueria_mael - ERROR - 'Table' object has no attribute 'find_one' - /peluqueriamael/Backend/microservices/app/API/v1/db/mongodb/services/make_all_appointment_sheet.py:190
2024-08-29 14:32:42,929 - peluqueria_mael - ERROR - 'Table' object has no attribute 'find_one' - /peluqueriamael/Backend/microservices/app/API/v1/db/mongodb/services/make_all_appointment_sheet.py:190
2024-08-29 14:32:42,929 - peluqueria_mael - ERROR - 'Table' object has no attribute 'find_one' - /peluqueriamael/Backend/microservices/app/API/v1/db/mongodb/services/make_all_appointment_sheet.py:190
2024-08-29 14:32:42,929 - peluqueria_mael - ERROR - 'Table' object has no attribute 'find_one' - /peluqueriamael/Backend/microservices/app/API/v1/db/mongodb/services/make_all_appointment_sheet.py:190
2024-08-29 14:32:42,929 - peluqueria_mael - ERROR - 'Table' object has no attribute 'find_one' - /peluqueriamael/Backend/microservices/app/API/v1/db/mongodb/services/make_all_appointment_sheet.py:190
2024-08-29 14:32:42,929 - peluqueria_mael - ERROR - 'Table' object has no attribute 'find_one' - /peluqueriamael/Backend/microservices/app/API/v1/db/mongodb/services/make_all_appointment_sheet.py:190
2024-08-29 14:32:42,929 - peluqueria_mael - ERROR - 'Table' object has no attribute 'find_one' - /peluqueriamael/Backend/microservices/app/API/v1/db/mongodb/services/make_all_appointment_sheet.py:190
2024-08-29 14:32:42,930 - peluqueria_mael - ERROR - 'Table' object has no attribute 'find_one' - /peluqueriamael/Backend/microservices/app/API/v1/db/mongodb/services/make_all_appointment_sheet.py:190
2024-08-29 14:32:42,930 - peluqueria_mael - ERROR - 'Table' object has no attribute 'find_one' - /peluqueriamael/Backend/microservices/app/API/v1/db/mongodb/services/make_all_appointment_sheet.py:190
2024-08-29 14:32:42,930 - peluqueria_mael - ERROR - 'Table' object has no attribute 'find_one' - /peluqueriamael/Backend/microservices/app/API/v1/db/mongodb/services/make_all_appointment_sheet.py:190
2024-08-29 14:32:42,930 - peluqueria_mael - ERROR - 'Table' object has no attribute 'find_one' - /peluqueriamael/Backend/microservices/app/API/v1/db/mongodb/services/make_all_appointment_sheet.py:190
2024-08-29 14:32:42,930 - peluqueria_mael - ERROR - 'Table' object has no attribute 'find_one' - /peluqueriamael/Backend/microservices/app/API/v1/db/mongodb/services/make_all_appointment_sheet.py:190
2024-08-29 14:32:42,930 - peluqueria_mael - ERROR - 'Table' object has no attribute 'find_one' - /peluqueriamael/Backend/microservices/app/API/v1/db/mongodb/services/make_all_appointment_sheet.py:190
2024-08-29 14:32:42,930 - peluqueria_mael - ERROR - 'Table' object has no attribute 'find_one' - /peluqueriamael/Backend/microservices/app/API/v1/db/mongodb/services/make_all_appointment_sheet.py:190
2024-08-29 14:35:57,904 - peluqueria_mael - ERROR - 'Table' object has no attribute 'find_one' - /peluqueriamael/Backend/microservices/app/API/v1/db/mongodb/services/make_all_appointment_sheet.py:192
2024-08-29 14:35:57,905 - peluqueria_mael - ERROR - 'Table' object has no attribute 'find_one' - /peluqueriamael/Backend/microservices/app/API/v1/db/mongodb/services/make_all_appointment_sheet.py:192
2024-08-29 14:35:57,905 - peluqueria_mael - ERROR - 'Table' object has no attribute 'find_one' - /peluqueriamael/Backend/microservices/app/API/v1/db/mongodb/services/make_all_appointment_sheet.py:192
2024-08-29 14:35:57,905 - peluqueria_mael - ERROR - 'Table' object has no attribute 'find_one' - /peluqueriamael/Backend/microservices/app/API/v1/db/mongodb/services/make_all_appointment_sheet.py:192
2024-08-29 14:35:57,906 - peluqueria_mael - ERROR - 'Table' object has no attribute 'find_one' - /peluqueriamael/Backend/microservices/app/API/v1/db/mongodb/services/make_all_appointment_sheet.py:192
2024-08-29 14:35:57,906 - peluqueria_mael - ERROR - 'Table' object has no attribute 'find_one' - /peluqueriamael/Backend/microservices/app/API/v1/db/mongodb/services/make_all_appointment_sheet.py:192
2024-08-29 14:35:57,906 - peluqueria_mael - ERROR - 'Table' object has no attribute 'find_one' - /peluqueriamael/Backend/microservices/app/API/v1/db/mongodb/services/make_all_appointment_sheet.py:192
2024-08-29 14:35:57,907 - peluqueria_mael - ERROR - 'Table' object has no attribute 'find_one' - /peluqueriamael/Backend/microservices/app/API/v1/db/mongodb/services/make_all_appointment_sheet.py:192
2024-08-29 14:35:57,907 - peluqueria_mael - ERROR - 'Table' object has no attribute 'find_one' - /peluqueriamael/Backend/microservices/app/API/v1/db/mongodb/services/make_all_appointment_sheet.py:192
2024-08-29 14:35:57,907 - peluqueria_mael - ERROR - 'Table' object has no attribute 'find_one' - /peluqueriamael/Backend/microservices/app/API/v1/db/mongodb/services/make_all_appointment_sheet.py:192
2024-08-29 14:35:57,908 - peluqueria_mael - ERROR - 'Table' object has no attribute 'find_one' - /peluqueriamael/Backend/microservices/app/API/v1/db/mongodb/services/make_all_appointment_sheet.py:192
2024-08-29 14:35:57,908 - peluqueria_mael - ERROR - 'Table' object has no attribute 'find_one' - /peluqueriamael/Backend/microservices/app/API/v1/db/mongodb/services/make_all_appointment_sheet.py:192
2024-08-29 14:35:57,908 - peluqueria_mael - ERROR - 'Table' object has no attribute 'find_one' - /peluqueriamael/Backend/microservices/app/API/v1/db/mongodb/services/make_all_appointment_sheet.py:192
2024-08-29 14:35:57,909 - peluqueria_mael - ERROR - 'Table' object has no attribute 'find_one' - /peluqueriamael/Backend/microservices/app/API/v1/db/mongodb/services/make_all_appointment_sheet.py:192
2024-08-29 14:35:57,909 - peluqueria_mael - ERROR - 'Table' object has no attribute 'find_one' - /peluqueriamael/Backend/microservices/app/API/v1/db/mongodb/services/make_all_appointment_sheet.py:192
2024-08-29 14:35:57,909 - peluqueria_mael - ERROR - 'Table' object has no attribute 'find_one' - /peluqueriamael/Backend/microservices/app/API/v1/db/mongodb/services/make_all_appointment_sheet.py:192
2024-08-29 14:35:57,910 - peluqueria_mael - ERROR - 'Table' object has no attribute 'find_one' - /peluqueriamael/Backend/microservices/app/API/v1/db/mongodb/services/make_all_appointment_sheet.py:192
2024-08-29 14:35:57,910 - peluqueria_mael - ERROR - 'Table' object has no attribute 'find_one' - /peluqueriamael/Backend/microservices/app/API/v1/db/mongodb/services/make_all_appointment_sheet.py:192
2024-08-29 14:35:57,910 - peluqueria_mael - ERROR - 'Table' object has no attribute 'find_one' - /peluqueriamael/Backend/microservices/app/API/v1/db/mongodb/services/make_all_appointment_sheet.py:192
2024-08-29 14:35:57,911 - peluqueria_mael - ERROR - 'Table' object has no attribute 'find_one' - /peluqueriamael/Backend/microservices/app/API/v1/db/mongodb/services/make_all_appointment_sheet.py:192
2024-08-29 14:35:57,911 - peluqueria_mael - ERROR - 'Table' object has no attribute 'find_one' - /peluqueriamael/Backend/microservices/app/API/v1/db/mongodb/services/make_all_appointment_sheet.py:192
2024-08-29 14:35:57,911 - peluqueria_mael - ERROR - 'Table' object has no attribute 'find_one' - /peluqueriamael/Backend/microservices/app/API/v1/db/mongodb/services/make_all_appointment_sheet.py:192
2024-08-29 14:35:57,912 - peluqueria_mael - ERROR - 'Table' object has no attribute 'find_one' - /peluqueriamael/Backend/microservices/app/API/v1/db/mongodb/services/make_all_appointment_sheet.py:192
2024-08-29 14:35:57,912 - peluqueria_mael - ERROR - 'Table' object has no attribute 'find_one' - /peluqueriamael/Backend/microservices/app/API/v1/db/mongodb/services/make_all_appointment_sheet.py:192
2024-08-29 14:35:57,912 - peluqueria_mael - ERROR - 'Table' object has no attribute 'find_one' - /peluqueriamael/Backend/microservices/app/API/v1/db/mongodb/services/make_all_appointment_sheet.py:192
2024-08-29 14:35:57,913 - peluqueria_mael - ERROR - 'Table' object has no attribute 'find_one' - /peluqueriamael/Backend/microservices/app/API/v1/db/mongodb/services/make_all_appointment_sheet.py:192
2024-08-29 14:35:57,913 - peluqueria_mael - ERROR - 'Table' object has no attribute 'find_one' - /peluqueriamael/Backend/microservices/app/API/v1/db/mongodb/services/make_all_appointment_sheet.py:192
2024-08-29 14:35:57,913 - peluqueria_mael - ERROR - 'Table' object has no attribute 'find_one' - /peluqueriamael/Backend/microservices/app/API/v1/db/mongodb/services/make_all_appointment_sheet.py:192
2024-08-29 14:35:57,914 - peluqueria_mael - ERROR - 'Table' object has no attribute 'find_one' - /peluqueriamael/Backend/microservices/app/API/v1/db/mongodb/services/make_all_appointment_sheet.py:192
2024-08-29 14:35:57,914 - peluqueria_mael - ERROR - 'Table' object has no attribute 'find_one' - /peluqueriamael/Backend/microservices/app/API/v1/db/mongodb/services/make_all_appointment_sheet.py:192
2024-08-29 14:35:57,914 - peluqueria_mael - ERROR - 'Table' object has no attribute 'find_one' - /peluqueriamael/Backend/microservices/app/API/v1/db/mongodb/services/make_all_appointment_sheet.py:192
2024-08-29 14:35:57,915 - peluqueria_mael - ERROR - 'Table' object has no attribute 'find_one' - /peluqueriamael/Backend/microservices/app/API/v1/db/mongodb/services/make_all_appointment_sheet.py:192
2024-08-29 14:35:57,915 - peluqueria_mael - ERROR - 'Table' object has no attribute 'find_one' - /peluqueriamael/Backend/microservices/app/API/v1/db/mongodb/services/make_all_appointment_sheet.py:192
2024-08-29 14:35:57,916 - peluqueria_mael - ERROR - 'Table' object has no attribute 'find_one' - /peluqueriamael/Backend/microservices/app/API/v1/db/mongodb/services/make_all_appointment_sheet.py:192
2024-08-29 14:35:57,916 - peluqueria_mael - ERROR - 'Table' object has no attribute 'find_one' - /peluqueriamael/Backend/microservices/app/API/v1/db/mongodb/services/make_all_appointment_sheet.py:192
2024-08-29 14:35:57,916 - peluqueria_mael - ERROR - 'Table' object has no attribute 'find_one' - /peluqueriamael/Backend/microservices/app/API/v1/db/mongodb/services/make_all_appointment_sheet.py:192
2024-08-29 14:35:57,917 - peluqueria_mael - ERROR - 'Table' object has no attribute 'find_one' - /peluqueriamael/Backend/microservices/app/API/v1/db/mongodb/services/make_all_appointment_sheet.py:192
2024-08-29 14:35:57,917 - peluqueria_mael - ERROR - 'Table' object has no attribute 'find_one' - /peluqueriamael/Backend/microservices/app/API/v1/db/mongodb/services/make_all_appointment_sheet.py:192
2024-08-29 14:35:57,917 - peluqueria_mael - ERROR - 'Table' object has no attribute 'find_one' - /peluqueriamael/Backend/microservices/app/API/v1/db/mongodb/services/make_all_appointment_sheet.py:192
2024-08-29 14:35:57,918 - peluqueria_mael - ERROR - 'Table' object has no attribute 'find_one' - /peluqueriamael/Backend/microservices/app/API/v1/db/mongodb/services/make_all_appointment_sheet.py:192
2024-08-29 14:35:57,918 - peluqueria_mael - ERROR - 'Table' object has no attribute 'find_one' - /peluqueriamael/Backend/microservices/app/API/v1/db/mongodb/services/make_all_appointment_sheet.py:192
2024-08-29 14:35:57,918 - peluqueria_mael - ERROR - 'Table' object has no attribute 'find_one' - /peluqueriamael/Backend/microservices/app/API/v1/db/mongodb/services/make_all_appointment_sheet.py:192
2024-08-29 14:35:57,919 - peluqueria_mael - ERROR - 'Table' object has no attribute 'find_one' - /peluqueriamael/Backend/microservices/app/API/v1/db/mongodb/services/make_all_appointment_sheet.py:192
2024-08-29 14:35:57,919 - peluqueria_mael - ERROR - 'Table' object has no attribute 'find_one' - /peluqueriamael/Backend/microservices/app/API/v1/db/mongodb/services/make_all_appointment_sheet.py:192
2024-08-29 14:35:57,919 - peluqueria_mael - ERROR - 'Table' object has no attribute 'find_one' - /peluqueriamael/Backend/microservices/app/API/v1/db/mongodb/services/make_all_appointment_sheet.py:192
2024-08-29 14:35:57,920 - peluqueria_mael - ERROR - 'Table' object has no attribute 'find_one' - /peluqueriamael/Backend/microservices/app/API/v1/db/mongodb/services/make_all_appointment_sheet.py:192
2024-08-29 14:35:57,920 - peluqueria_mael - ERROR - 'Table' object has no attribute 'find_one' - /peluqueriamael/Backend/microservices/app/API/v1/db/mongodb/services/make_all_appointment_sheet.py:192
2024-08-29 14:35:57,920 - peluqueria_mael - ERROR - 'Table' object has no attribute 'find_one' - /peluqueriamael/Backend/microservices/app/API/v1/db/mongodb/services/make_all_appointment_sheet.py:192
2024-08-29 14:35:57,921 - peluqueria_mael - ERROR - 'Table' object has no attribute 'find_one' - /peluqueriamael/Backend/microservices/app/API/v1/db/mongodb/services/make_all_appointment_sheet.py:192
2024-08-29 14:35:57,921 - peluqueria_mael - ERROR - 'Table' object has no attribute 'find_one' - /peluqueriamael/Backend/microservices/app/API/v1/db/mongodb/services/make_all_appointment_sheet.py:192
2024-08-29 14:35:57,921 - peluqueria_mael - ERROR - 'Table' object has no attribute 'find_one' - /peluqueriamael/Backend/microservices/app/API/v1/db/mongodb/services/make_all_appointment_sheet.py:192
2024-08-29 14:35:57,922 - peluqueria_mael - ERROR - 'Table' object has no attribute 'find_one' - /peluqueriamael/Backend/microservices/app/API/v1/db/mongodb/services/make_all_appointment_sheet.py:192
2024-08-29 14:35:57,922 - peluqueria_mael - ERROR - 'Table' object has no attribute 'find_one' - /peluqueriamael/Backend/microservices/app/API/v1/db/mongodb/services/make_all_appointment_sheet.py:192
2024-08-29 14:35:57,922 - peluqueria_mael - ERROR - 'Table' object has no attribute 'find_one' - /peluqueriamael/Backend/microservices/app/API/v1/db/mongodb/services/make_all_appointment_sheet.py:192
2024-08-29 14:35:57,923 - peluqueria_mael - ERROR - 'Table' object has no attribute 'find_one' - /peluqueriamael/Backend/microservices/app/API/v1/db/mongodb/services/make_all_appointment_sheet.py:192
2024-08-29 14:35:57,923 - peluqueria_mael - ERROR - 'Table' object has no attribute 'find_one' - /peluqueriamael/Backend/microservices/app/API/v1/db/mongodb/services/make_all_appointment_sheet.py:192
2024-08-29 14:35:57,923 - peluqueria_mael - ERROR - 'Table' object has no attribute 'find_one' - /peluqueriamael/Backend/microservices/app/API/v1/db/mongodb/services/make_all_appointment_sheet.py:192
2024-08-29 14:35:57,924 - peluqueria_mael - ERROR - 'Table' object has no attribute 'find_one' - /peluqueriamael/Backend/microservices/app/API/v1/db/mongodb/services/make_all_appointment_sheet.py:192
2024-08-29 14:35:57,924 - peluqueria_mael - ERROR - 'Table' object has no attribute 'find_one' - /peluqueriamael/Backend/microservices/app/API/v1/db/mongodb/services/make_all_appointment_sheet.py:192
2024-08-29 14:35:57,924 - peluqueria_mael - ERROR - 'Table' object has no attribute 'find_one' - /peluqueriamael/Backend/microservices/app/API/v1/db/mongodb/services/make_all_appointment_sheet.py:192
2024-08-29 14:35:57,925 - peluqueria_mael - ERROR - 'Table' object has no attribute 'find_one' - /peluqueriamael/Backend/microservices/app/API/v1/db/mongodb/services/make_all_appointment_sheet.py:192
2024-08-29 14:35:57,925 - peluqueria_mael - ERROR - 'Table' object has no attribute 'find_one' - /peluqueriamael/Backend/microservices/app/API/v1/db/mongodb/services/make_all_appointment_sheet.py:192
2024-08-29 14:35:57,925 - peluqueria_mael - ERROR - 'Table' object has no attribute 'find_one' - /peluqueriamael/Backend/microservices/app/API/v1/db/mongodb/services/make_all_appointment_sheet.py:192
2024-08-29 14:35:57,926 - peluqueria_mael - ERROR - 'Table' object has no attribute 'find_one' - /peluqueriamael/Backend/microservices/app/API/v1/db/mongodb/services/make_all_appointment_sheet.py:192
2024-08-29 14:35:57,926 - peluqueria_mael - ERROR - 'Table' object has no attribute 'find_one' - /peluqueriamael/Backend/microservices/app/API/v1/db/mongodb/services/make_all_appointment_sheet.py:192
2024-08-29 14:35:57,926 - peluqueria_mael - ERROR - 'Table' object has no attribute 'find_one' - /peluqueriamael/Backend/microservices/app/API/v1/db/mongodb/services/make_all_appointment_sheet.py:192
2024-08-29 14:35:57,927 - peluqueria_mael - ERROR - 'Table' object has no attribute 'find_one' - /peluqueriamael/Backend/microservices/app/API/v1/db/mongodb/services/make_all_appointment_sheet.py:192
2024-08-29 14:35:57,927 - peluqueria_mael - ERROR - 'Table' object has no attribute 'find_one' - /peluqueriamael/Backend/microservices/app/API/v1/db/mongodb/services/make_all_appointment_sheet.py:192
2024-08-29 14:35:57,927 - peluqueria_mael - ERROR - 'Table' object has no attribute 'find_one' - /peluqueriamael/Backend/microservices/app/API/v1/db/mongodb/services/make_all_appointment_sheet.py:192
2024-08-29 14:35:57,928 - peluqueria_mael - ERROR - 'Table' object has no attribute 'find_one' - /peluqueriamael/Backend/microservices/app/API/v1/db/mongodb/services/make_all_appointment_sheet.py:192
2024-08-29 14:35:57,928 - peluqueria_mael - ERROR - 'Table' object has no attribute 'find_one' - /peluqueriamael/Backend/microservices/app/API/v1/db/mongodb/services/make_all_appointment_sheet.py:192
2024-08-29 14:35:57,928 - peluqueria_mael - ERROR - 'Table' object has no attribute 'find_one' - /peluqueriamael/Backend/microservices/app/API/v1/db/mongodb/services/make_all_appointment_sheet.py:192
2024-08-29 14:35:57,929 - peluqueria_mael - ERROR - 'Table' object has no attribute 'find_one' - /peluqueriamael/Backend/microservices/app/API/v1/db/mongodb/services/make_all_appointment_sheet.py:192
2024-08-29 14:35:57,929 - peluqueria_mael - ERROR - 'Table' object has no attribute 'find_one' - /peluqueriamael/Backend/microservices/app/API/v1/db/mongodb/services/make_all_appointment_sheet.py:192
2024-08-29 14:35:57,929 - peluqueria_mael - ERROR - 'Table' object has no attribute 'find_one' - /peluqueriamael/Backend/microservices/app/API/v1/db/mongodb/services/make_all_appointment_sheet.py:192
2024-08-29 14:35:57,930 - peluqueria_mael - ERROR - 'Table' object has no attribute 'find_one' - /peluqueriamael/Backend/microservices/app/API/v1/db/mongodb/services/make_all_appointment_sheet.py:192
2024-08-29 14:35:57,930 - peluqueria_mael - ERROR - 'Table' object has no attribute 'find_one' - /peluqueriamael/Backend/microservices/app/API/v1/db/mongodb/services/make_all_appointment_sheet.py:192
2024-08-29 14:35:57,930 - peluqueria_mael - ERROR - 'Table' object has no attribute 'find_one' - /peluqueriamael/Backend/microservices/app/API/v1/db/mongodb/services/make_all_appointment_sheet.py:192
2024-08-29 14:35:57,931 - peluqueria_mael - ERROR - 'Table' object has no attribute 'find_one' - /peluqueriamael/Backend/microservices/app/API/v1/db/mongodb/services/make_all_appointment_sheet.py:192
2024-08-29 14:35:57,931 - peluqueria_mael - ERROR - 'Table' object has no attribute 'find_one' - /peluqueriamael/Backend/microservices/app/API/v1/db/mongodb/services/make_all_appointment_sheet.py:192
2024-08-29 14:35:57,931 - peluqueria_mael - ERROR - 'Table' object has no attribute 'find_one' - /peluqueriamael/Backend/microservices/app/API/v1/db/mongodb/services/make_all_appointment_sheet.py:192
2024-08-29 14:35:57,932 - peluqueria_mael - ERROR - 'Table' object has no attribute 'find_one' - /peluqueriamael/Backend/microservices/app/API/v1/db/mongodb/services/make_all_appointment_sheet.py:192
2024-08-29 14:35:57,932 - peluqueria_mael - ERROR - 'Table' object has no attribute 'find_one' - /peluqueriamael/Backend/microservices/app/API/v1/db/mongodb/services/make_all_appointment_sheet.py:192
2024-08-29 14:35:57,932 - peluqueria_mael - ERROR - 'Table' object has no attribute 'find_one' - /peluqueriamael/Backend/microservices/app/API/v1/db/mongodb/services/make_all_appointment_sheet.py:192
2024-08-29 14:35:57,933 - peluqueria_mael - ERROR - 'Table' object has no attribute 'find_one' - /peluqueriamael/Backend/microservices/app/API/v1/db/mongodb/services/make_all_appointment_sheet.py:192
2024-08-29 14:35:57,933 - peluqueria_mael - ERROR - 'Table' object has no attribute 'find_one' - /peluqueriamael/Backend/microservices/app/API/v1/db/mongodb/services/make_all_appointment_sheet.py:192
2024-08-29 14:35:57,933 - peluqueria_mael - ERROR - 'Table' object has no attribute 'find_one' - /peluqueriamael/Backend/microservices/app/API/v1/db/mongodb/services/make_all_appointment_sheet.py:192
2024-08-29 14:35:57,934 - peluqueria_mael - ERROR - 'Table' object has no attribute 'find_one' - /peluqueriamael/Backend/microservices/app/API/v1/db/mongodb/services/make_all_appointment_sheet.py:192
2024-08-29 14:35:57,934 - peluqueria_mael - ERROR - 'Table' object has no attribute 'find_one' - /peluqueriamael/Backend/microservices/app/API/v1/db/mongodb/services/make_all_appointment_sheet.py:192
2024-08-29 14:35:57,934 - peluqueria_mael - ERROR - 'Table' object has no attribute 'find_one' - /peluqueriamael/Backend/microservices/app/API/v1/db/mongodb/services/make_all_appointment_sheet.py:192
2024-08-29 14:35:57,935 - peluqueria_mael - ERROR - 'Table' object has no attribute 'find_one' - /peluqueriamael/Backend/microservices/app/API/v1/db/mongodb/services/make_all_appointment_sheet.py:192
2024-08-29 14:35:57,935 - peluqueria_mael - ERROR - 'Table' object has no attribute 'find_one' - /peluqueriamael/Backend/microservices/app/API/v1/db/mongodb/services/make_all_appointment_sheet.py:192
2024-08-29 14:35:57,935 - peluqueria_mael - ERROR - 'Table' object has no attribute 'find_one' - /peluqueriamael/Backend/microservices/app/API/v1/db/mongodb/services/make_all_appointment_sheet.py:192
2024-08-29 14:35:57,936 - peluqueria_mael - ERROR - 'Table' object has no attribute 'find_one' - /peluqueriamael/Backend/microservices/app/API/v1/db/mongodb/services/make_all_appointment_sheet.py:192
2024-08-29 14:35:57,936 - peluqueria_mael - ERROR - 'Table' object has no attribute 'find_one' - /peluqueriamael/Backend/microservices/app/API/v1/db/mongodb/services/make_all_appointment_sheet.py:192
2024-08-29 14:35:57,936 - peluqueria_mael - ERROR - 'Table' object has no attribute 'find_one' - /peluqueriamael/Backend/microservices/app/API/v1/db/mongodb/services/make_all_appointment_sheet.py:192
2024-08-29 14:35:57,937 - peluqueria_mael - ERROR - 'Table' object has no attribute 'find_one' - /peluqueriamael/Backend/microservices/app/API/v1/db/mongodb/services/make_all_appointment_sheet.py:192
2024-08-29 14:35:57,937 - peluqueria_mael - ERROR - 'Table' object has no attribute 'find_one' - /peluqueriamael/Backend/microservices/app/API/v1/db/mongodb/services/make_all_appointment_sheet.py:192
2024-08-29 14:35:57,937 - peluqueria_mael - ERROR - 'Table' object has no attribute 'find_one' - /peluqueriamael/Backend/microservices/app/API/v1/db/mongodb/services/make_all_appointment_sheet.py:192
2024-08-29 14:35:57,938 - peluqueria_mael - ERROR - 'Table' object has no attribute 'find_one' - /peluqueriamael/Backend/microservices/app/API/v1/db/mongodb/services/make_all_appointment_sheet.py:192
2024-08-29 14:35:57,938 - peluqueria_mael - ERROR - 'Table' object has no attribute 'find_one' - /peluqueriamael/Backend/microservices/app/API/v1/db/mongodb/services/make_all_appointment_sheet.py:192
2024-08-29 14:35:57,938 - peluqueria_mael - ERROR - 'Table' object has no attribute 'find_one' - /peluqueriamael/Backend/microservices/app/API/v1/db/mongodb/services/make_all_appointment_sheet.py:192
2024-08-29 14:35:57,939 - peluqueria_mael - ERROR - 'Table' object has no attribute 'find_one' - /peluqueriamael/Backend/microservices/app/API/v1/db/mongodb/services/make_all_appointment_sheet.py:192
2024-08-29 14:35:57,939 - peluqueria_mael - ERROR - 'Table' object has no attribute 'find_one' - /peluqueriamael/Backend/microservices/app/API/v1/db/mongodb/services/make_all_appointment_sheet.py:192
2024-08-29 14:35:57,939 - peluqueria_mael - ERROR - 'Table' object has no attribute 'find_one' - /peluqueriamael/Backend/microservices/app/API/v1/db/mongodb/services/make_all_appointment_sheet.py:192
2024-08-29 14:35:57,940 - peluqueria_mael - ERROR - 'Table' object has no attribute 'find_one' - /peluqueriamael/Backend/microservices/app/API/v1/db/mongodb/services/make_all_appointment_sheet.py:192
2024-08-29 14:35:57,940 - peluqueria_mael - ERROR - 'Table' object has no attribute 'find_one' - /peluqueriamael/Backend/microservices/app/API/v1/db/mongodb/services/make_all_appointment_sheet.py:192
2024-08-29 14:35:57,940 - peluqueria_mael - ERROR - 'Table' object has no attribute 'find_one' - /peluqueriamael/Backend/microservices/app/API/v1/db/mongodb/services/make_all_appointment_sheet.py:192
2024-08-29 14:35:57,941 - peluqueria_mael - ERROR - 'Table' object has no attribute 'find_one' - /peluqueriamael/Backend/microservices/app/API/v1/db/mongodb/services/make_all_appointment_sheet.py:192
2024-08-29 14:35:57,941 - peluqueria_mael - ERROR - 'Table' object has no attribute 'find_one' - /peluqueriamael/Backend/microservices/app/API/v1/db/mongodb/services/make_all_appointment_sheet.py:192
2024-08-29 14:35:57,941 - peluqueria_mael - ERROR - 'Table' object has no attribute 'find_one' - /peluqueriamael/Backend/microservices/app/API/v1/db/mongodb/services/make_all_appointment_sheet.py:192
2024-08-29 14:35:57,942 - peluqueria_mael - ERROR - 'Table' object has no attribute 'find_one' - /peluqueriamael/Backend/microservices/app/API/v1/db/mongodb/services/make_all_appointment_sheet.py:192
2024-08-29 14:35:57,942 - peluqueria_mael - ERROR - 'Table' object has no attribute 'find_one' - /peluqueriamael/Backend/microservices/app/API/v1/db/mongodb/services/make_all_appointment_sheet.py:192
2024-08-29 14:35:57,942 - peluqueria_mael - ERROR - 'Table' object has no attribute 'find_one' - /peluqueriamael/Backend/microservices/app/API/v1/db/mongodb/services/make_all_appointment_sheet.py:192
2024-08-29 14:35:57,943 - peluqueria_mael - ERROR - 'Table' object has no attribute 'find_one' - /peluqueriamael/Backend/microservices/app/API/v1/db/mongodb/services/make_all_appointment_sheet.py:192
2024-08-29 14:35:57,943 - peluqueria_mael - ERROR - 'Table' object has no attribute 'find_one' - /peluqueriamael/Backend/microservices/app/API/v1/db/mongodb/services/make_all_appointment_sheet.py:192
2024-08-29 14:35:57,943 - peluqueria_mael - ERROR - 'Table' object has no attribute 'find_one' - /peluqueriamael/Backend/microservices/app/API/v1/db/mongodb/services/make_all_appointment_sheet.py:192
2024-08-29 14:35:57,944 - peluqueria_mael - ERROR - 'Table' object has no attribute 'find_one' - /peluqueriamael/Backend/microservices/app/API/v1/db/mongodb/services/make_all_appointment_sheet.py:192
2024-08-29 14:35:57,944 - peluqueria_mael - ERROR - 'Table' object has no attribute 'find_one' - /peluqueriamael/Backend/microservices/app/API/v1/db/mongodb/services/make_all_appointment_sheet.py:192
2024-08-29 14:35:57,944 - peluqueria_mael - ERROR - 'Table' object has no attribute 'find_one' - /peluqueriamael/Backend/microservices/app/API/v1/db/mongodb/services/make_all_appointment_sheet.py:192
2024-08-29 14:47:24,580 - peluqueria_mael - ERROR - E11000 duplicate key error collection: PeluqueriaMael.Reservas index: _id_ dup key: { _id: ObjectId('66d089fc295a4a3c4bcf8903') }, full error: {'index': 0, 'code': 11000, 'errmsg': "E11000 duplicate key error collection: PeluqueriaMael.Reservas index: _id_ dup key: { _id: ObjectId('66d089fc295a4a3c4bcf8903') }", 'keyPattern': {'_id': 1}, 'keyValue': {'_id': ObjectId('66d089fc295a4a3c4bcf8903')}} - /peluqueriamael/Backend/microservices/app/API/v1/db/mongodb/services/make_all_appointment_sheet.py:227
2024-08-29 14:47:58,421 - peluqueria_mael - ERROR - E11000 duplicate key error collection: PeluqueriaMael.Reservas index: _id_ dup key: { _id: ObjectId('66d08a1e92ea724adfce66f6') }, full error: {'index': 0, 'code': 11000, 'errmsg': "E11000 duplicate key error collection: PeluqueriaMael.Reservas index: _id_ dup key: { _id: ObjectId('66d08a1e92ea724adfce66f6') }", 'keyPattern': {'_id': 1}, 'keyValue': {'_id': ObjectId('66d08a1e92ea724adfce66f6')}} - /peluqueriamael/Backend/microservices/app/API/v1/db/mongodb/services/make_all_appointment_sheet.py:227
2024-08-29 14:50:28,487 - peluqueria_mael - ERROR - E11000 duplicate key error collection: PeluqueriaMael.Reservas index: _id_ dup key: { _id: ObjectId('66d08ab4adf263ee1e9c9d39') }, full error: {'index': 0, 'code': 11000, 'errmsg': "E11000 duplicate key error collection: PeluqueriaMael.Reservas index: _id_ dup key: { _id: ObjectId('66d08ab4adf263ee1e9c9d39') }", 'keyPattern': {'_id': 1}, 'keyValue': {'_id': ObjectId('66d08ab4adf263ee1e9c9d39')}} - /peluqueriamael/Backend/microservices/app/API/v1/db/mongodb/services/make_all_appointment_sheet.py:231
2024-08-29 15:22:46,933 - peluqueria_mael - ERROR - E11000 duplicate key error collection: PeluqueriaMael.Reservas index: _id_ dup key: { _id: ObjectId('66d0924638343f5d9762742f') }, full error: {'index': 0, 'code': 11000, 'errmsg': "E11000 duplicate key error collection: PeluqueriaMael.Reservas index: _id_ dup key: { _id: ObjectId('66d0924638343f5d9762742f') }", 'keyPattern': {'_id': 1}, 'keyValue': {'_id': ObjectId('66d0924638343f5d9762742f')}} - /peluqueriamael/Backend/microservices/app/API/v1/db/mongodb/services/make_all_appointment_sheet.py:231
2024-08-29 15:23:05,186 - peluqueria_mael - ERROR - E11000 duplicate key error collection: PeluqueriaMael.Reservas index: _id_ dup key: { _id: ObjectId('66d092596992f706a2f4cf61') }, full error: {'index': 0, 'code': 11000, 'errmsg': "E11000 duplicate key error collection: PeluqueriaMael.Reservas index: _id_ dup key: { _id: ObjectId('66d092596992f706a2f4cf61') }", 'keyPattern': {'_id': 1}, 'keyValue': {'_id': ObjectId('66d092596992f706a2f4cf61')}} - /peluqueriamael/Backend/microservices/app/API/v1/db/mongodb/services/make_all_appointment_sheet.py:232
2024-08-29 15:23:34,308 - peluqueria_mael - ERROR - E11000 duplicate key error collection: PeluqueriaMael.Reservas index: _id_ dup key: { _id: ObjectId('66d09276ab239638c7d87a9b') }, full error: {'index': 0, 'code': 11000, 'errmsg': "E11000 duplicate key error collection: PeluqueriaMael.Reservas index: _id_ dup key: { _id: ObjectId('66d09276ab239638c7d87a9b') }", 'keyPattern': {'_id': 1}, 'keyValue': {'_id': ObjectId('66d09276ab239638c7d87a9b')}} - /peluqueriamael/Backend/microservices/app/API/v1/db/mongodb/services/make_all_appointment_sheet.py:233
2024-08-29 15:26:04,921 - peluqueria_mael - ERROR - E11000 duplicate key error collection: PeluqueriaMael.Reservas index: _id_ dup key: { _id: ObjectId('66d0930ce3294734ff7b1e42') }, full error: {'index': 0, 'code': 11000, 'errmsg': "E11000 duplicate key error collection: PeluqueriaMael.Reservas index: _id_ dup key: { _id: ObjectId('66d0930ce3294734ff7b1e42') }", 'keyPattern': {'_id': 1}, 'keyValue': {'_id': ObjectId('66d0930ce3294734ff7b1e42')}} - /peluqueriamael/Backend/microservices/app/API/v1/db/mongodb/services/make_all_appointment_sheet.py:238
2024-08-29 15:27:01,852 - peluqueria_mael - ERROR - E11000 duplicate key error collection: PeluqueriaMael.Reservas index: _id_ dup key: { _id: ObjectId('66d09345fcd18f400bebd32c') }, full error: {'index': 0, 'code': 11000, 'errmsg': "E11000 duplicate key error collection: PeluqueriaMael.Reservas index: _id_ dup key: { _id: ObjectId('66d09345fcd18f400bebd32c') }", 'keyPattern': {'_id': 1}, 'keyValue': {'_id': ObjectId('66d09345fcd18f400bebd32c')}} - /peluqueriamael/Backend/microservices/app/API/v1/db/mongodb/services/make_all_appointment_sheet.py:235
2024-08-29 15:29:43,994 - peluqueria_mael - ERROR - E11000 duplicate key error collection: PeluqueriaMael.Reservas index: _id_ dup key: { _id: ObjectId('66d093e7c1636c469ff0fc68') }, full error: {'index': 0, 'code': 11000, 'errmsg': "E11000 duplicate key error collection: PeluqueriaMael.Reservas index: _id_ dup key: { _id: ObjectId('66d093e7c1636c469ff0fc68') }", 'keyPattern': {'_id': 1}, 'keyValue': {'_id': ObjectId('66d093e7c1636c469ff0fc68')}} - /peluqueriamael/Backend/microservices/app/API/v1/db/mongodb/services/make_all_appointment_sheet.py:234
2024-08-29 15:30:04,419 - peluqueria_mael - ERROR - E11000 duplicate key error collection: PeluqueriaMael.Reservas index: _id_ dup key: { _id: ObjectId('66d093fc08a6b163586127a7') }, full error: {'index': 0, 'code': 11000, 'errmsg': "E11000 duplicate key error collection: PeluqueriaMael.Reservas index: _id_ dup key: { _id: ObjectId('66d093fc08a6b163586127a7') }", 'keyPattern': {'_id': 1}, 'keyValue': {'_id': ObjectId('66d093fc08a6b163586127a7')}} - /peluqueriamael/Backend/microservices/app/API/v1/db/mongodb/services/make_all_appointment_sheet.py:234
2024-08-29 15:30:56,892 - peluqueria_mael - ERROR - '_id' - /peluqueriamael/Backend/microservices/app/API/v1/db/mongodb/services/make_all_appointment_sheet.py:237
2024-08-29 15:33:00,257 - peluqueria_mael - ERROR - '_id' - /peluqueriamael/Backend/microservices/app/API/v1/db/mongodb/services/make_all_appointment_sheet.py:238
2024-08-29 15:33:21,812 - peluqueria_mael - ERROR - '_id' - /peluqueriamael/Backend/microservices/app/API/v1/db/mongodb/services/make_all_appointment_sheet.py:238
2024-08-29 15:33:37,097 - peluqueria_mael - ERROR - Object of type ObjectId is not JSON serializable - /peluqueriamael/Backend/microservices/app/API/v1/db/mongodb/services/make_all_appointment_sheet.py:238
2024-08-29 15:40:12,698 - peluqueria_mael - ERROR - E11000 duplicate key error collection: PeluqueriaMael.Reservas index: _id_ dup key: { _id: ObjectId('66d0965c138e8362960cd1cd') }, full error: {'index': 0, 'code': 11000, 'errmsg': "E11000 duplicate key error collection: PeluqueriaMael.Reservas index: _id_ dup key: { _id: ObjectId('66d0965c138e8362960cd1cd') }", 'keyPattern': {'_id': 1}, 'keyValue': {'_id': ObjectId('66d0965c138e8362960cd1cd')}} - /peluqueriamael/Backend/microservices/app/API/v1/db/mongodb/services/make_all_appointment_sheet.py:238
2024-08-29 15:40:26,695 - peluqueria_mael - ERROR - E11000 duplicate key error collection: PeluqueriaMael.Reservas index: _id_ dup key: { _id: ObjectId('66d0966ae1130fa5b84a83b7') }, full error: {'index': 0, 'code': 11000, 'errmsg': "E11000 duplicate key error collection: PeluqueriaMael.Reservas index: _id_ dup key: { _id: ObjectId('66d0966ae1130fa5b84a83b7') }", 'keyPattern': {'_id': 1}, 'keyValue': {'_id': ObjectId('66d0966ae1130fa5b84a83b7')}} - /peluqueriamael/Backend/microservices/app/API/v1/db/mongodb/services/make_all_appointment_sheet.py:238
2024-08-29 15:40:38,253 - peluqueria_mael - ERROR - E11000 duplicate key error collection: PeluqueriaMael.Reservas index: _id_ dup key: { _id: ObjectId('66d096763c73aaa23194993c') }, full error: {'index': 0, 'code': 11000, 'errmsg': "E11000 duplicate key error collection: PeluqueriaMael.Reservas index: _id_ dup key: { _id: ObjectId('66d096763c73aaa23194993c') }", 'keyPattern': {'_id': 1}, 'keyValue': {'_id': ObjectId('66d096763c73aaa23194993c')}} - /peluqueriamael/Backend/microservices/app/API/v1/db/mongodb/services/make_all_appointment_sheet.py:238
2024-08-29 15:41:33,365 - peluqueria_mael - ERROR - '_id' - /peluqueriamael/Backend/microservices/app/API/v1/db/mongodb/services/make_all_appointment_sheet.py:240
2024-08-29 15:42:44,173 - peluqueria_mael - ERROR - '_id' - /peluqueriamael/Backend/microservices/app/API/v1/db/mongodb/services/make_all_appointment_sheet.py:240
2024-08-29 15:46:10,783 - peluqueria_mael - ERROR - '_id' - /peluqueriamael/Backend/microservices/app/API/v1/db/mongodb/services/make_all_appointment_sheet.py:241
2024-08-29 15:46:53,939 - peluqueria_mael - ERROR - '_id' - /peluqueriamael/Backend/microservices/app/API/v1/db/mongodb/services/make_all_appointment_sheet.py:241
2024-08-29 15:55:59,587 - peluqueria_mael - ERROR - {'13:30': {'status': 'libre'}, '20:00': {'status': 'libre'}} - /peluqueriamael/Backend/microservices/app/API/v1/db/mongodb/services/make_all_appointment_sheet.py:88
2024-08-29 15:57:07,187 - peluqueria_mael - ERROR - 1900-01-01 20:00:00 - /peluqueriamael/Backend/microservices/app/API/v1/db/mongodb/services/make_all_appointment_sheet.py:84
2024-08-29 15:57:07,187 - peluqueria_mael - ERROR - {'13:30': {'status': 'libre'}, '20:00': {'status': 'libre'}} - /peluqueriamael/Backend/microservices/app/API/v1/db/mongodb/services/make_all_appointment_sheet.py:89
2024-08-29 15:58:34,270 - peluqueria_mael - ERROR - 1900-01-01 20:00:00 - /peluqueriamael/Backend/microservices/app/API/v1/db/mongodb/services/make_all_appointment_sheet.py:84
2024-08-29 15:58:34,270 - peluqueria_mael - ERROR - {'13:30': {'status': 'libre'}, '20:00': {'status': 'libre'}} - /peluqueriamael/Backend/microservices/app/API/v1/db/mongodb/services/make_all_appointment_sheet.py:89
2024-08-29 16:05:20,952 - peluqueria_mael - ERROR - {'13:30': {}, '20:00': {}} - /peluqueriamael/Backend/microservices/app/API/v1/db/mongodb/services/make_all_appointment_sheet.py:87
2024-08-29 16:05:54,586 - peluqueria_mael - ERROR - {'13:30': {}, '20:00': {}} - /peluqueriamael/Backend/microservices/app/API/v1/db/mongodb/services/make_all_appointment_sheet.py:87
2024-08-29 16:06:07,097 - peluqueria_mael - ERROR - {'13:30': {}, '20:00': {}} - /peluqueriamael/Backend/microservices/app/API/v1/db/mongodb/services/make_all_appointment_sheet.py:87
2024-08-29 16:12:10,435 - peluqueria_mael - ERROR - '09:00' - /peluqueriamael/Backend/microservices/app/API/v1/db/mongodb/services/make_all_appointment_sheet.py:95
